[2017-06-05 13:41:48] START
[2017-06-07 05:16:46] EDIT init/views/default/index.html: -2
[2017-06-07 05:19:17] EDIT init/static/assets/css/sleepy_seam.css: 0
[2017-06-07 05:19:51] EDIT init/static/assets/js/sleepy_seam.js: 0
[2017-06-07 05:20:45] EDIT init/static/assets/css/sleepy_seam.css: 0
[2017-06-07 05:21:09] EDIT init/static/assets/js/sleepy_seam.js: 0
[2017-06-07 05:21:49] EDIT init/static/assets/css/sleepy_seam.css: 0
[2017-06-07 05:22:12] EDIT init/static/assets/js/sleepy_seam.js: 0
[2017-06-07 05:22:42] EDIT init/static/assets/js/sleepy_seam.js: 0
[2017-06-07 05:23:03] EDIT init/static/assets/css/sleepy_seam.css: 0
[2017-06-07 05:24:15] EDIT init/static/assets/js/sleepy_seam.js: 0
[2017-06-07 05:24:56] EDIT init/static/assets/js/sleepy_seam.js: -8
[2017-06-07 05:28:53] EDIT init/views/default/index.html: -30
[2017-06-07 07:33:09] EDIT init/views/default/blog.html: -18
[2017-06-07 07:34:59] EDIT init/views/default/blog.html: -16
[2017-06-07 07:35:58] EDIT init/views/default/index.html: 0
[2017-06-07 07:36:35] EDIT init/views/default/index.html: 0
[2017-06-07 07:37:17] EDIT init/views/default/blog.html: -2
[2017-06-07 07:37:32] EDIT init/views/default/blog.html: 0
[2017-06-07 07:40:49] CREATE init_module.py: 0
[2017-06-07 07:45:00] EDIT init/modules/init_module.py: 12
[2017-06-07 07:45:08] EDIT init/modules/init_module.py: 0
[2017-06-07 07:45:49] EDIT init/models/db.py: 2
[2017-06-07 07:48:01] EDIT init/views/layout.html: 1
[2017-06-07 07:49:02] EDIT init/views/appadmin.html: 39
[2017-06-07 07:49:33] CREATE default/upload.html: 0
[2017-06-07 07:49:44] EDIT init/views/default/upload.html: 11
[2017-06-07 07:53:02] EDIT init/views/appadmin.html: 0
[2017-06-07 07:53:45] EDIT init/views/appadmin.html: 4
[2017-06-07 07:56:38] EDIT init/modules/init_module.py: 0
[2017-06-07 07:58:29] EDIT init/controllers/default.py: 7
[2017-06-07 08:08:04] EDIT init/controllers/default.py: 8
[2017-06-07 08:09:01] EDIT init/views/default/blog.html: 11
[2017-06-07 08:23:33] EDIT init/views/default/blog.html: 5
[2017-06-07 08:53:44] EDIT init/views/default/blog.html: -3
[2017-06-07 08:54:44] EDIT init/views/default/blog.html: 0
[2017-06-07 08:55:23] EDIT init/views/default/blog.html: 0
[2017-06-07 08:57:21] EDIT init/views/default/blog.html: -11
[2017-06-07 08:57:51] EDIT init/modules/init_module.py: 0
[2017-06-07 08:58:41] EDIT init/modules/init_module.py: 0
[2017-06-07 09:06:18] EDIT init/modules/init_module.py: 0
[2017-06-07 09:09:09] EDIT init/modules/init_module.py: 0
[2017-06-07 09:12:22] EDIT init/views/default/blog.html: 0
[2017-06-07 09:12:45] EDIT init/views/default/blog.html: 0
[2017-06-07 09:13:15] EDIT init/views/default/blog.html: 0
[2017-06-07 09:13:35] EDIT init/views/default/blog.html: 0
[2017-06-07 09:15:56] EDIT init/views/default/blog.html: 0
[2017-06-07 09:16:32] EDIT init/views/default/blog.html: 0
[2017-06-07 09:16:46] EDIT init/views/default/index.html: 3
[2017-06-07 09:17:15] EDIT init/views/default/index.html: 0
[2017-06-07 09:17:57] EDIT init/views/default/index.html: -30
[2017-06-07 09:18:22] EDIT init/views/default/index.html: -1
[2017-06-07 09:19:23] EDIT init/views/default/index.html: 1
[2017-06-07 09:19:49] EDIT init/views/default/index.html: -2
[2017-06-07 09:20:09] EDIT init/views/default/index.html: -2
[2017-06-07 09:20:29] EDIT init/views/default/index.html: 0
[2017-06-07 09:21:57] EDIT init/views/default/index.html: 1
[2017-06-07 09:25:52] EDIT init/views/default/index.html: 0
[2017-06-07 09:26:15] EDIT init/views/default/index.html: 0
[2017-06-07 09:26:43] EDIT init/views/default/index.html: 0
[2017-06-07 09:27:05] EDIT init/views/default/index.html: -1
[2017-06-07 09:27:28] EDIT init/views/default/index.html: 0
[2017-06-07 09:27:40] EDIT init/views/default/index.html: 0
[2017-06-07 09:27:56] EDIT init/views/default/index.html: 1
[2017-06-07 09:28:15] EDIT init/views/default/index.html: 0
[2017-06-07 09:28:33] EDIT init/views/default/index.html: 0
[2017-06-07 09:28:56] EDIT init/views/default/index.html: -1
[2017-06-07 09:29:16] EDIT init/views/default/index.html: 0
[2017-06-07 09:29:41] EDIT init/views/default/index.html: 0
[2017-06-07 09:30:41] EDIT init/views/default/index.html: 0
[2017-06-07 09:31:25] EDIT init/views/default/blog.html: 0
[2017-06-07 09:32:04] EDIT init/views/default/blog.html: 0
[2017-06-07 09:32:46] EDIT init/views/default/blog.html: 0
[2017-06-07 09:33:10] EDIT init/views/default/blog.html: 0
[2017-06-07 09:35:02] EDIT init/controllers/default.py: 3
[2017-06-07 09:35:17] CREATE default/post.html: 0
[2017-06-07 09:36:18] EDIT init/views/default/post.html: 117
[2017-06-07 09:37:18] EDIT init/views/default/blog.html: 0
[2017-06-07 09:38:05] EDIT init/views/default/blog.html: 0
[2017-06-07 09:38:25] EDIT init/views/default/index.html: 0
[2017-06-07 09:39:23] EDIT init/views/default/post.html: -1
[2017-06-07 09:56:32] EDIT init/views/default/index.html: 0
[2017-06-07 12:11:01] EDIT init/views/default/index.html: 1
[2017-06-07 12:11:39] EDIT init/views/default/index.html: -1
[2017-06-07 12:12:09] EDIT init/views/default/index.html: 0
[2017-06-07 12:12:44] EDIT init/views/default/index.html: 0
[2017-06-07 12:13:41] EDIT init/views/default/index.html: 0
[2017-06-07 12:14:40] EDIT init/views/default/index.html: 0
[2017-06-07 12:15:10] EDIT init/views/default/index.html: 0
[2017-06-07 12:15:39] EDIT init/views/default/index.html: -1
[2017-06-07 12:16:31] EDIT init/views/default/blog.html: -1
[2017-06-07 12:17:14] EDIT init/views/default/post.html: 0
[2017-06-07 12:17:41] EDIT init/views/default/post.html: 0
[2017-06-07 12:17:51] EDIT init/views/default/post.html: 0
[2017-06-07 12:18:37] EDIT init/views/default/post.html: 1
[2017-06-07 12:19:24] EDIT init/views/default/post.html: -1
[2017-06-07 12:19:45] EDIT init/views/default/post.html: -9
[2017-06-07 12:20:06] EDIT init/views/default/post.html: 0
[2017-06-07 12:21:12] EDIT init/views/default/blog.html: 0
[2017-06-07 12:21:37] EDIT init/views/default/blog.html: -8
[2017-06-07 12:21:58] EDIT init/views/default/blog.html: 0
[2017-06-07 12:22:15] EDIT init/views/default/blog.html: -1
[2017-06-07 12:22:48] EDIT init/views/default/blog.html: 0
[2017-06-07 12:24:07] EDIT init/views/default/blog.html: -2
[2017-06-07 12:24:30] EDIT init/views/default/blog.html: 1
[2017-06-07 12:24:44] EDIT init/views/default/blog.html: -1
[2017-06-07 12:25:09] EDIT init/views/default/blog.html: 0
[2017-06-07 12:46:38] EDIT init/views/default/blog.html: 0
[2017-06-07 12:47:23] EDIT init/views/default/blog.html: 0
[2017-06-07 12:47:37] EDIT init/views/default/blog.html: 0
[2017-06-07 12:59:03] EDIT init/views/default/index.html: 0
[2017-06-07 13:01:16] EDIT init/static/assets/css/sleepy_seam.css: -6
[2017-06-07 13:12:26] EDIT init/views/default/index.html: 0
[2017-06-07 13:13:18] EDIT init/static/assets/css/sleepy_seam.css: 0
[2017-06-07 13:14:04] EDIT init/static/assets/css/sleepy_seam.css: 1
[2017-06-07 13:14:25] EDIT init/static/assets/css/sleepy_seam.css: -3
[2017-06-07 13:29:40] EDIT init/views/default/index.html: 0
[2017-06-07 13:31:06] EDIT init/views/default/index.html: 0
[2017-06-07 13:33:56] EDIT init/static/assets/css/bootstrap.min.css: 0
[2017-06-07 13:34:40] EDIT init/static/assets/css/bootstrap.min.css: 0
[2017-06-07 13:35:16] EDIT init/static/assets/css/bootstrap.min.css: 0
[2017-06-07 13:36:34] DELETE init/views/default/index.html.1: -284
[2017-06-07 13:37:02] EDIT init/views/default/index.html: 0
[2017-06-07 13:37:25] EDIT init/views/default/index.html: 0
[2017-06-07 13:37:48] EDIT init/views/default/index.html: 0
[2017-06-07 13:38:41] EDIT init/views/default/post.html: 0
[2017-06-07 13:39:00] EDIT init/views/default/blog.html: 0
[2017-06-07 13:44:20] EDIT init/static/assets/css/bootstrap.min.css: 0
[2017-06-07 13:46:06] EDIT init/static/assets/css/bootstrap.min.css: 0
[2017-06-07 13:47:34] EDIT init/static/assets/css/bootstrap.min.css: 0
[2017-06-07 13:49:09] EDIT init/static/assets/css/bootstrap.min.css: 0
[2017-06-07 13:50:27] EDIT init/views/default/index.html: 1
[2017-06-07 13:50:42] EDIT init/views/default/index.html: 0
[2017-06-07 14:36:58] EDIT init/views/default/blog.html: 0
[2017-06-07 14:38:23] EDIT init/views/default/blog.html: 0
[2017-06-07 14:40:14] EDIT init/views/default/blog.html: 0
[2017-06-07 14:41:56] EDIT init/views/default/blog.html: 0
[2017-06-07 14:42:22] EDIT init/views/default/blog.html: 0
[2017-06-07 14:42:37] EDIT init/views/default/blog.html: 0
[2017-06-07 14:43:01] EDIT init/views/default/index.html: 0
[2017-06-07 14:43:12] EDIT init/views/default/post.html: 0
[2017-06-07 15:02:28] EDIT init/views/default/blog.html: 0
[2017-06-07 15:03:06] EDIT init/views/default/blog.html: 0
[2017-06-07 17:46:58] EDIT init/views/default/blog.html: 2
[2017-06-07 17:47:20] EDIT init/views/default/blog.html: 1
[2017-06-07 17:47:41] EDIT init/views/default/blog.html: -1
[2017-06-07 17:49:02] EDIT init/views/default/post.html: 0
[2017-06-07 17:49:33] EDIT init/views/default/post.html: 0
[2017-06-07 17:51:12] EDIT init/views/default/post.html: 3
[2017-06-07 17:51:41] EDIT init/views/default/post.html: 10
[2017-06-07 17:53:35] EDIT init/views/default/post.html: 1
[2017-06-07 17:54:04] EDIT init/views/default/post.html: 0
[2017-06-07 17:55:34] EDIT init/views/default/post.html: 0
[2017-06-07 17:57:47] EDIT init/views/default/post.html: 0
[2017-06-07 18:20:52] EDIT init/views/default/index.html: 0
[2017-06-07 18:21:26] EDIT init/views/default/post.html: -1
[2017-06-07 18:22:04] EDIT init/views/default/blog.html: 0
[2017-06-08 07:01:40] EDIT init/views/default/index.html: 0
[2017-06-09 06:07:27] EDIT init/views/default/index.html: -15
[2017-06-09 06:07:43] EDIT init/views/default/blog.html: 0
[2017-06-09 06:07:55] EDIT init/views/default/post.html: 0
[2017-06-09 07:09:21] EDIT init/views/default/index.html: 0
[2017-06-09 07:10:05] EDIT init/views/default/index.html: 0
[2017-06-09 07:10:19] EDIT init/views/default/index.html: 0
[2017-06-09 07:10:43] EDIT init/views/default/index.html: 0
[2017-06-09 07:11:06] EDIT init/views/default/index.html: 0
[2017-06-09 07:11:45] EDIT init/views/default/index.html: 0
[2017-06-09 07:12:30] EDIT init/views/default/index.html: 0
[2017-06-09 07:13:09] EDIT init/views/default/index.html: 0
[2017-06-09 07:13:56] EDIT init/views/default/index.html: 0
[2017-06-09 07:14:36] EDIT init/views/default/index.html: 0
[2017-06-09 15:17:59] EDIT init/views/default/index.html: 0
[2017-06-09 15:18:29] EDIT init/views/default/index.html: 0
