[2016-10-11 15:12:30] START
[2016-10-11 15:12:39] CREATE db1.py: 0
[2016-10-11 15:12:52] EDIT myapp/models/db1.py: 3
[2016-10-11 15:13:23] EDIT myapp/views/default/index.html: -45
[2016-10-11 15:13:44] EDIT myapp/controllers/default.py: -6
[2016-10-11 15:43:11] EDIT myapp/controllers/default.py: 1
[2016-10-11 15:43:43] EDIT myapp/views/default/index.html: 4
[2016-10-11 15:46:06] EDIT myapp/views/default/index.html: 2
[2016-10-11 15:46:17] EDIT myapp/views/default/index.html: 0
[2016-10-11 15:46:48] EDIT myapp/views/default/index.html: 2
[2016-10-11 15:47:37] EDIT myapp/views/default/index.html: 0
[2016-10-11 15:48:30] EDIT myapp/views/default/index.html: -2
[2016-10-11 15:50:02] EDIT myapp/views/default/index.html: 2
[2016-10-11 15:54:22] EDIT myapp/views/default/index.html: 0
[2016-10-11 15:55:48] EDIT myapp/views/default/index.html: 0
[2016-10-12 05:32:00] EDIT myapp/controllers/default.py: 0
[2016-10-12 05:33:02] EDIT myapp/controllers/default.py: 0
[2016-10-12 05:33:17] EDIT myapp/controllers/default.py: 0
[2016-10-12 05:33:23] EDIT myapp/controllers/default.py: 0
[2016-10-12 05:33:50] EDIT myapp/controllers/default.py: 0
[2016-10-12 05:34:38] EDIT myapp/controllers/default.py: 0
[2016-10-12 05:35:04] EDIT myapp/views/default/search.html: -5
[2016-10-12 05:35:41] EDIT myapp/views/default/search.html: -6
[2016-10-12 05:36:40] EDIT myapp/views/layout.html: 5
[2016-10-12 05:36:53] EDIT myapp/views/default/index.html: -6
[2016-10-12 05:37:21] EDIT myapp/views/layout.html: 0
[2016-10-12 05:38:06] EDIT myapp/controllers/default.py: 0
[2016-10-12 05:38:39] EDIT myapp/views/default/search.html: 5
[2016-10-12 05:39:51] EDIT myapp/controllers/default.py: 0
[2016-10-12 05:40:23] EDIT myapp/controllers/default.py: 0
[2016-10-12 05:40:52] EDIT myapp/controllers/default.py: 0
[2016-10-12 05:42:51] EDIT myapp/controllers/default.py: 0
[2016-10-12 05:43:22] EDIT myapp/views/default/search.html: 2
[2016-10-12 05:44:48] EDIT myapp/views/default/search.html: 0
[2016-10-12 05:48:12] EDIT myapp/controllers/default.py: 0
[2016-10-12 05:49:05] EDIT myapp/views/default/index.html: 0
[2016-10-12 05:49:50] EDIT myapp/controllers/default.py: 0
[2016-10-12 05:50:59] EDIT myapp/views/default/index.html: -2
[2016-10-12 05:51:32] EDIT myapp/controllers/default.py: 0
[2016-10-12 05:52:30] EDIT myapp/controllers/default.py: -1
[2016-10-12 05:52:43] EDIT myapp/views/default/index.html: -2
[2016-10-12 05:59:01] EDIT myapp/views/default/search.html: -2
[2016-10-12 05:59:33] EDIT myapp/views/default/search.html: -2
[2016-10-12 06:00:07] EDIT myapp/views/default/search.html: -1
[2016-10-12 06:12:17] EDIT myapp/views/layout.html: 9
[2016-10-12 06:15:36] EDIT myapp/views/layout.html: -3
[2016-10-12 06:16:14] EDIT myapp/views/layout.html: 0
[2016-10-12 06:16:56] EDIT myapp/views/layout.html: 0
[2016-10-12 06:17:21] EDIT myapp/views/layout.html: -6
[2016-10-12 06:18:05] EDIT myapp/views/layout.html: 0
[2016-10-12 06:18:37] EDIT myapp/views/layout.html: 0
[2016-10-12 06:19:01] EDIT myapp/views/layout.html: 0
[2016-10-12 06:19:21] EDIT myapp/views/layout.html: 0
[2016-10-12 06:19:37] EDIT myapp/views/layout.html: 0
[2016-10-12 06:20:19] EDIT myapp/views/layout.html: 0
[2016-10-12 06:26:13] EDIT myapp/models/menu.py: 0
[2016-10-12 06:26:48] EDIT myapp/views/layout.html: 0
[2016-10-12 06:29:33] EDIT myapp/views/default/search.html: 2
[2016-10-12 06:33:47] EDIT myapp/controllers/default.py: 0
[2016-10-12 06:34:57] EDIT myapp/controllers/default.py: 2
[2016-10-12 06:35:26] EDIT myapp/controllers/default.py: 0
[2016-10-12 06:36:15] EDIT myapp/controllers/default.py: 0
[2016-10-12 06:36:28] EDIT myapp/controllers/default.py: 0
[2016-10-12 06:38:26] EDIT myapp/views/default/search.html: 0
[2016-10-12 06:38:51] EDIT myapp/views/default/search.html: 0
[2016-10-12 06:39:39] EDIT myapp/views/default/search.html: 0
[2016-10-12 06:40:13] EDIT myapp/views/default/search.html: 0
[2016-10-12 06:41:21] EDIT myapp/views/default/search.html: 0
[2016-10-12 06:42:17] EDIT myapp/views/default/search.html: 2
[2016-10-12 06:42:33] EDIT myapp/views/default/search.html: 0
[2016-10-12 06:42:48] EDIT myapp/views/default/search.html: 0
[2016-10-12 06:43:11] EDIT myapp/views/default/search.html: 0
[2016-10-12 06:43:36] EDIT myapp/views/default/search.html: -1
[2016-10-12 06:46:05] EDIT myapp/controllers/default.py: 0
[2016-10-12 06:46:55] EDIT myapp/controllers/default.py: 0
[2016-10-12 06:47:28] EDIT myapp/controllers/default.py: -2
[2016-10-12 06:47:42] EDIT myapp/controllers/default.py: 0
[2016-10-12 06:48:02] EDIT myapp/controllers/default.py: 0
[2016-10-12 06:48:18] EDIT myapp/controllers/default.py: 0
[2016-10-12 06:49:04] EDIT myapp/views/default/search.html: -3
[2016-10-12 06:55:11] EDIT myapp/models/db1.py: 6
[2016-10-12 06:57:47] CREATE default/person.html: 0
[2016-10-12 07:00:07] EDIT myapp/views/default/person.html: 4
[2016-10-12 07:03:30] EDIT myapp/controllers/default.py: 3
[2016-10-12 07:07:23] EDIT myapp/views/default/people.html: 9
[2016-10-12 07:07:46] EDIT myapp/views/default/people.html: 0
[2016-10-12 07:08:52] EDIT myapp/views/default/people.html: 0
[2016-10-12 07:09:31] EDIT myapp/controllers/default.py: 0
[2016-10-12 07:09:45] EDIT myapp/controllers/default.py: 0
[2016-10-12 07:10:44] EDIT myapp/controllers/default.py: 0
[2016-10-12 07:11:00] EDIT myapp/controllers/default.py: 0
[2016-10-12 07:11:27] EDIT myapp/controllers/default.py: 0
[2016-10-12 07:11:54] EDIT myapp/views/default/people.html: -3
[2016-10-12 07:14:41] EDIT myapp/controllers/default.py: 1
[2016-10-12 07:15:39] EDIT myapp/views/default/search.html: 4
[2016-10-12 07:17:00] EDIT myapp/controllers/default.py: 0
[2016-10-12 07:45:52] EDIT myapp/models/menu.py: 1
[2016-10-12 08:03:41] EDIT myapp/models/menu.py: 2
[2016-10-12 08:04:08] EDIT myapp/views/layout.html: 0
[2016-10-12 08:07:14] EDIT myapp/views/default/people.html: 2
[2016-10-12 08:08:06] EDIT myapp/views/default/people.html: 2
[2016-10-12 08:08:18] EDIT myapp/views/default/people.html: 0
[2016-10-12 08:08:41] EDIT myapp/views/default/people.html: 0
[2016-10-12 08:09:55] EDIT myapp/views/default/people.html: 0
[2016-10-12 08:10:22] EDIT myapp/views/default/people.html: 0
[2016-10-12 08:10:41] EDIT myapp/views/default/people.html: 0
[2016-10-12 08:10:50] EDIT myapp/views/default/people.html: 0
[2016-10-12 08:16:23] EDIT myapp/views/default/index.html: 2
[2016-10-12 08:16:35] EDIT myapp/views/default/search.html: 2
[2016-10-12 08:16:59] EDIT myapp/views/default/index.html: 0
[2016-10-12 08:17:06] EDIT myapp/views/default/index.html: 0
[2016-10-12 08:17:15] EDIT myapp/views/default/index.html: 0
[2016-10-12 08:31:36] EDIT myapp/views/layout.html: 5
[2016-10-12 08:32:05] EDIT myapp/views/layout.html: -5
[2016-10-12 09:23:16] EDIT myapp/views/layout.html: 7
[2016-10-12 09:25:38] EDIT myapp/views/layout.html: 5
[2016-10-12 09:27:17] EDIT myapp/views/layout.html: 65
[2016-10-12 09:28:06] EDIT myapp/views/layout.html: 0
[2016-10-12 09:28:55] EDIT myapp/views/layout.html: -7
[2016-10-12 09:29:34] EDIT myapp/views/layout.html: 0
[2016-10-12 09:30:13] EDIT myapp/views/layout.html: 0
[2016-10-12 09:30:34] EDIT myapp/views/layout.html: -5
[2016-10-12 09:30:56] EDIT myapp/views/layout.html: -65
[2016-10-12 09:33:13] EDIT myapp/models/menu.py: -2
[2016-10-12 09:33:39] EDIT myapp/views/layout.html: 0
[2016-10-12 09:43:42] EDIT myapp/views/default/index.html: 7
[2016-10-12 09:44:28] EDIT myapp/views/default/index.html: 12
[2016-10-12 09:48:50] EDIT myapp/controllers/default.py: 0
[2016-10-12 09:49:20] EDIT myapp/views/default/index.html: -1
[2016-10-12 09:50:25] EDIT myapp/views/layout.html: 0
[2016-10-12 09:51:07] EDIT myapp/views/layout.html: 0
[2016-10-12 09:52:33] EDIT myapp/controllers/default.py: 0
[2016-10-12 09:52:56] EDIT myapp/views/layout.html: 0
[2016-10-12 09:53:24] EDIT myapp/views/layout.html: 0
[2016-10-12 09:53:37] EDIT myapp/views/default/index.html: 0
[2016-10-12 10:31:58] EDIT myapp/views/default/people.html: 14
[2016-10-12 10:33:04] EDIT myapp/views/default/people.html: 0
[2016-10-12 10:33:53] EDIT myapp/views/default/people.html: 0
[2016-10-12 10:35:17] EDIT myapp/views/default/people.html: 14
[2016-10-12 10:36:42] EDIT myapp/views/default/people.html: 0
[2016-10-12 10:37:17] EDIT myapp/views/default/people.html: -28
[2016-10-12 10:39:28] EDIT myapp/views/layout.html: 1
[2016-10-12 10:40:26] EDIT myapp/views/default/people.html: 2
[2016-10-12 10:40:52] EDIT myapp/views/default/people.html: 5
[2016-10-12 10:45:07] EDIT myapp/views/layout.html: 9
[2016-10-12 10:45:35] EDIT myapp/views/default/people.html: -5
[2016-10-12 10:46:20] EDIT myapp/views/layout.html: 0
[2016-10-12 10:47:09] EDIT myapp/views/layout.html: 0
[2016-10-12 10:48:04] EDIT myapp/views/layout.html: 0
[2016-10-12 10:49:20] EDIT myapp/views/layout.html: 10
[2016-10-12 10:51:46] EDIT myapp/views/layout.html: -10
[2016-10-12 10:51:53] EDIT myapp/views/default/people.html: 10
[2016-10-12 10:52:28] EDIT myapp/views/layout.html: -10
[2016-10-12 10:52:36] EDIT myapp/views/default/people.html: 10
[2016-10-12 10:59:25] EDIT myapp/models/db1.py: 2
[2016-10-12 11:00:03] EDIT myapp/views/default/index.html: 1
[2016-10-12 11:01:47] EDIT myapp/views/default/index.html: 0
[2016-10-12 11:02:21] EDIT myapp/models/db1.py: 0
[2016-10-12 11:04:57] EDIT myapp/models/db1.py: -2
[2016-10-12 11:08:30] EDIT myapp/controllers/default.py: 0
[2016-10-12 11:11:23] EDIT myapp/views/default/index.html: -1
[2016-10-12 11:11:34] EDIT myapp/views/default/index.html: -1
[2016-10-12 11:12:07] EDIT myapp/views/default/index.html: -1
[2016-10-12 11:12:17] EDIT myapp/views/default/index.html: 1
[2016-10-12 11:16:41] EDIT myapp/views/default/people.html: -20
[2016-10-12 11:16:57] EDIT myapp/views/default/people.html: -1
[2016-10-12 11:18:20] EDIT myapp/controllers/default.py: 0
[2016-10-12 11:18:56] EDIT myapp/controllers/default.py: 0
[2016-10-12 11:19:40] EDIT myapp/views/default/search.html: 1
[2016-10-12 11:24:32] EDIT myapp/views/default/search.html: 0
[2016-10-12 11:31:13] EDIT myapp/views/default/search.html: 0
[2016-10-12 11:41:20] EDIT myapp/views/default/index.html: 26
[2016-10-12 11:42:12] EDIT myapp/views/default/index.html: -26
[2016-10-12 11:44:38] EDIT myapp/views/default/index.html: 0
[2016-10-12 11:45:01] EDIT myapp/views/default/index.html: 0
[2016-10-12 11:47:20] EDIT myapp/views/default/index.html: 0
[2016-10-13 20:09:57] EDIT myapp/views/default/index.html: 0
[2016-10-13 20:11:08] EDIT myapp/views/default/index.html: 0
[2016-10-13 20:12:08] EDIT myapp/views/default/index.html: 0
[2016-10-13 20:13:01] EDIT myapp/views/default/index.html: -19
[2016-10-13 20:13:11] EDIT myapp/views/default/index.html: 0
[2016-10-14 07:49:45] EDIT myapp/controllers/default.py: 0
[2016-10-15 15:23:17] EDIT myapp/controllers/default.py: 0
[2016-10-15 15:26:14] EDIT myapp/views/default/search.html: -9
[2016-10-15 15:28:54] EDIT myapp/controllers/default.py: 2
[2016-10-15 15:30:08] EDIT myapp/controllers/default.py: 0
[2016-10-15 15:30:23] EDIT myapp/controllers/default.py: 0
[2016-10-15 15:30:52] EDIT myapp/controllers/default.py: 0
[2016-10-15 15:55:26] EDIT myapp/views/default/search.html: 9
[2016-10-15 15:56:10] EDIT myapp/controllers/default.py: -2
[2016-10-16 20:34:41] EDIT myapp/models/db1.py: 40
[2016-10-16 20:35:52] EDIT myapp/controllers/default.py: 5
[2016-10-16 20:36:01] EDIT myapp/controllers/default.py: -1
[2016-10-16 20:36:41] EDIT myapp/views/default/index.html: 2
[2016-10-16 20:37:32] EDIT myapp/controllers/default.py: 0
[2016-10-16 20:41:30] EDIT myapp/views/default/index.html: 4
[2016-10-16 20:42:19] EDIT myapp/views/default/index.html: 3
[2016-10-16 20:42:49] EDIT myapp/views/default/index.html: 0
[2016-10-16 20:43:03] EDIT myapp/views/default/index.html: 0
[2016-10-16 20:47:55] EDIT myapp/models/db1.py: 2
[2016-10-16 20:48:28] EDIT myapp/models/db1.py: 0
[2016-10-16 20:48:42] EDIT myapp/models/db1.py: 0
[2016-10-16 20:50:14] EDIT myapp/models/db1.py: -2
[2016-10-16 20:51:40] EDIT myapp/models/db1.py: 0
[2016-10-16 20:52:59] EDIT myapp/models/db1.py: 0
[2016-10-16 20:53:57] EDIT myapp/models/db1.py: 0
[2016-10-16 20:54:51] EDIT myapp/models/db1.py: 0
[2016-10-16 20:56:09] EDIT myapp/models/db1.py: 0
[2016-10-16 20:56:48] EDIT myapp/models/db1.py: 0
[2016-10-16 20:57:27] EDIT myapp/models/db1.py: 0
[2016-10-16 20:58:25] EDIT myapp/views/default/index.html: 0
[2016-10-16 21:00:25] EDIT myapp/controllers/default.py: 0
[2016-10-16 21:01:12] EDIT myapp/views/default/index.html: -7
[2016-10-16 21:02:38] EDIT myapp/models/db1.py: -8
[2016-10-16 21:03:10] EDIT myapp/models/db1.py: -1
[2016-10-16 21:05:50] EDIT myapp/models/db1.py: 0
[2016-10-17 06:23:52] EDIT myapp/models/db1.py: 0
[2016-10-17 06:26:10] EDIT myapp/models/db1.py: 0
[2016-10-17 06:26:35] EDIT myapp/models/db1.py: 0
[2016-10-17 06:26:59] EDIT myapp/models/db1.py: 0
[2016-10-17 06:39:34] EDIT myapp/models/db1.py: 0
[2016-10-17 06:40:03] EDIT myapp/models/db1.py: 0
[2016-10-17 06:41:15] EDIT myapp/models/db1.py: 0
[2016-10-17 06:41:35] EDIT myapp/models/db1.py: 0
[2016-10-17 06:41:50] EDIT myapp/models/db1.py: 0
[2016-10-17 06:43:11] EDIT myapp/models/db1.py: 0
[2016-10-17 06:43:23] EDIT myapp/models/db1.py: 0
[2016-10-17 10:55:34] EDIT app2/controllers/default.py: 0
[2016-10-17 10:56:27] EDIT app2/views/default/people.html: -10
[2016-10-17 10:58:26] EDIT app2/views/default/people.html: 0
[2016-10-17 11:00:45] EDIT app2/views/layout.html: 0
[2016-10-17 11:03:46] EDIT app2/views/default/people.html: 3
[2016-10-17 11:03:54] EDIT app2/views/default/people.html: 0
[2016-10-17 11:04:35] EDIT app2/views/default/people.html: 0
[2016-10-17 11:11:50] EDIT app2/models/db1.py: 3
[2016-10-17 11:13:51] EDIT app2/models/db1.py: 0
[2016-10-17 11:14:59] EDIT app2/models/db1.py: -1
[2016-10-17 11:15:05] EDIT app2/models/db1.py: -2
[2016-10-17 11:15:17] EDIT app2/models/db1.py: 0
[2016-10-17 11:15:53] EDIT app2/models/db1.py: 0
[2016-10-17 11:16:26] EDIT app2/models/db1.py: 0
[2016-10-17 11:16:52] EDIT app2/models/db1.py: 0
[2016-10-17 11:17:12] EDIT app2/models/db1.py: 0
[2016-10-17 11:31:10] EDIT app2/models/db1.py: 0
[2016-10-17 11:32:55] EDIT app2/models/db1.py: 0
[2016-10-17 11:33:52] EDIT app2/models/db1.py: 0
[2016-10-17 12:34:42] EDIT app2/controllers/default.py: 0
[2016-10-18 16:25:42] EDIT app2/controllers/default.py: 5
[2016-10-18 16:26:19] EDIT app2/controllers/default.py: 0
[2016-10-18 16:26:46] EDIT app2/controllers/default.py: 0
[2016-10-18 16:27:16] EDIT app2/views/default/search.html: -12
[2016-10-18 16:45:56] EDIT app2/controllers/default.py: 3
[2016-10-18 16:46:15] EDIT app2/views/default/search.html: 1
[2016-10-18 16:46:58] EDIT app2/views/default/search.html: 11
[2016-10-18 16:47:13] EDIT app2/controllers/default.py: -8
[2016-10-18 16:55:53] EDIT app2/controllers/default.py: 13
[2016-10-18 16:56:55] EDIT app2/views/default/search.html: -8
[2016-10-18 16:57:43] EDIT app2/controllers/default.py: 0
[2016-10-18 16:58:02] EDIT app2/views/default/search.html: 1
[2016-10-18 16:58:34] EDIT app2/views/default/search.html: 7
[2016-10-18 16:58:52] EDIT app2/controllers/default.py: -13
[2016-10-18 16:59:54] EDIT app2/controllers/default.py: 0
[2016-10-18 17:00:26] EDIT app2/controllers/default.py: 0
[2016-10-18 17:01:47] EDIT app2/controllers/default.py: 0
[2016-10-18 17:01:55] EDIT app2/views/default/index.html: -1
[2016-10-18 17:02:43] EDIT app2/controllers/default.py: 0
[2016-10-18 17:03:01] EDIT app2/views/default/index.html: 1
[2016-10-18 17:04:15] EDIT app2/models/db1.py: 0
[2016-10-18 17:04:36] EDIT app2/models/db1.py: 0
[2016-10-18 17:05:37] EDIT app2/models/db1.py: 0
[2016-10-18 17:05:53] EDIT app2/models/db1.py: 0
[2016-10-18 17:06:05] EDIT app2/models/db1.py: 0
[2016-10-18 17:06:15] EDIT app2/models/db1.py: 0
[2016-10-18 17:06:22] EDIT app2/models/db1.py: 0
[2016-10-18 17:06:31] EDIT app2/models/db1.py: 0
[2016-10-18 17:07:12] EDIT app2/models/db1.py: 10
[2016-10-18 17:08:01] EDIT app2/models/db1.py: 0
[2016-10-18 17:08:20] EDIT app2/models/db1.py: 0
[2016-10-18 17:08:44] EDIT app2/models/db1.py: 0
[2016-10-18 17:09:27] EDIT app2/models/db1.py: -1
[2016-10-18 17:12:16] EDIT app2/views/default/index.html: 0
[2016-10-18 17:16:45] EDIT app2/views/default/index.html: 12
[2016-10-18 17:17:46] EDIT app2/views/default/index.html: 1
[2016-10-18 17:18:16] EDIT app2/views/default/index.html: 8
[2016-10-18 17:21:51] EDIT app2/views/default/index.html: 0
[2016-10-18 17:24:08] EDIT app2/controllers/default.py: 3
[2016-10-18 17:25:13] EDIT app2/views/default/index.html: 0
[2016-10-18 17:27:43] EDIT app2/controllers/default.py: 6
[2016-10-18 17:28:47] EDIT app2/views/default/index.html: 0
[2016-10-18 17:33:49] CREATE default/search_people.html: 0
[2016-10-18 17:33:58] CREATE default/search_product.html: 0
[2016-10-18 17:34:08] CREATE default/search_company.html: 0
[2016-10-18 17:34:44] EDIT app2/views/default/search_people.html: 8
[2016-10-18 17:39:05] EDIT app2/views/default/search_company.html: 7
[2016-10-18 17:45:11] EDIT app2/views/default/search_people.html: 0
[2016-10-18 17:45:15] EDIT app2/views/default/search_product.html: 7
[2016-10-18 17:45:19] EDIT app2/views/default/search_company.html: 0
[2016-10-18 17:45:35] EDIT app2/controllers/default.py: 0
[2016-10-18 17:47:26] EDIT app2/views/layout.html: 8
[2016-10-18 17:47:54] EDIT app2/views/layout.html: 8
[2016-10-18 17:48:42] EDIT app2/views/layout.html: 0
[2016-10-18 17:49:07] EDIT app2/views/layout.html: -1
[2016-10-18 17:50:22] EDIT app2/views/layout.html: 0
[2016-10-18 17:50:38] EDIT app2/views/layout.html: -2
[2016-10-18 17:51:19] EDIT app2/views/default/index.html: -8
[2016-10-18 17:52:06] EDIT app2/views/layout.html: 2
[2016-10-18 17:55:57] EDIT app2/views/default/index.html: 8
[2016-10-18 17:56:30] EDIT app2/views/layout.html: -20
[2016-10-18 18:02:15] EDIT app2/models/db1.py: -40
[2016-10-18 18:02:39] EDIT app2/views/default/index.html: -8
[2016-10-18 18:04:40] EDIT app2/controllers/default.py: -5
[2016-10-18 18:05:42] EDIT app2/views/default/people.html: 0
[2016-10-18 18:35:29] EDIT app2/views/default/index.html: 6
[2016-10-18 18:35:35] EDIT app2/views/default/index.html: -6
[2016-10-18 18:39:56] EDIT app2/views/default/index.html: -1
[2016-10-18 18:44:47] EDIT app2/views/default/index.html: 23
[2016-10-18 18:47:30] EDIT app2/views/layout.html: 18
[2016-10-18 18:47:58] EDIT app2/views/layout.html: -18
[2016-10-18 18:48:10] EDIT app2/views/default/index.html: -3
[2016-10-18 18:49:58] EDIT app2/views/default/index.html: -1
[2016-10-18 18:51:24] EDIT app2/views/default/index.html: 0
[2016-10-18 18:51:42] EDIT app2/views/default/index.html: -17
[2016-10-19 05:12:10] EDIT app2/views/default/search_product.html: 8
[2016-10-19 05:13:08] EDIT app2/views/default/search.html: 5
[2016-10-19 05:13:41] EDIT app2/views/default/search.html: 0
[2016-10-19 05:14:20] EDIT app2/views/default/search_product.html: 0
[2016-10-19 05:21:04] EDIT app2/controllers/default.py: 1
[2016-10-19 05:21:25] EDIT app2/views/default/search_product.html: -1
[2016-10-19 05:22:05] EDIT app2/views/default/search_product.html: 0
[2016-10-19 05:24:13] EDIT app2/controllers/default.py: 2
[2016-10-19 05:24:37] EDIT app2/views/default/search_people.html: 6
[2016-10-19 05:24:50] EDIT app2/views/default/search_company.html: 6
[2016-10-19 05:25:23] EDIT app2/views/default/search_company.html: 1
[2016-10-19 05:26:23] EDIT app2/views/default/search_product.html: 1
[2016-10-19 05:26:57] EDIT app2/views/default/search_company.html: 1
[2016-10-19 05:28:21] EDIT app2/views/default/search_company.html: 0
[2016-10-19 05:30:09] EDIT app2/views/default/search_company.html: -3
[2016-10-19 05:30:35] EDIT app2/views/default/search_company.html: 0
[2016-10-19 05:31:01] EDIT app2/views/default/search_company.html: 2
[2016-10-19 05:31:20] EDIT app2/views/default/search_people.html: 0
[2016-10-19 05:31:33] EDIT app2/views/default/search_product.html: -1
[2016-10-19 05:31:53] EDIT app2/views/default/search_people.html: 1
[2016-10-19 05:32:31] EDIT app2/views/default/search.html: 0
[2016-10-19 05:36:22] EDIT app2/views/default/search.html: -5
[2016-10-19 05:37:51] EDIT app2/controllers/default.py: 0
[2016-10-19 05:39:09] EDIT app2/controllers/default.py: 1
[2016-10-19 05:39:48] EDIT app2/controllers/default.py: -1
[2016-10-19 05:40:17] EDIT app2/models/menu.py: 0
[2016-10-19 05:42:41] EDIT app2/views/default/index.html: 4
[2016-10-19 05:43:02] EDIT app2/views/default/index.html: 0
[2016-10-19 05:43:15] EDIT app2/views/default/index.html: 0
[2016-10-19 05:43:53] EDIT app2/views/default/index.html: 0
[2016-10-19 05:44:04] EDIT app2/views/default/index.html: 0
[2016-10-19 05:45:01] EDIT app2/views/default/index.html: 0
[2016-10-19 05:45:39] EDIT app2/views/default/index.html: 0
[2016-10-19 05:52:42] EDIT app2/views/default/index.html: 1
[2016-10-19 05:53:13] EDIT app2/views/default/index.html: 0
[2016-10-19 05:55:35] EDIT app2/views/default/index.html: 0
[2016-10-19 05:56:32] EDIT app2/views/default/index.html: 0
[2016-10-19 05:57:02] EDIT app2/views/default/index.html: -1
[2016-10-19 05:57:14] EDIT app2/views/default/index.html: 0
[2016-10-19 05:57:28] EDIT app2/views/default/index.html: 0
[2016-10-19 05:58:39] EDIT app2/views/default/index.html: 39
[2016-10-19 05:59:54] EDIT app2/views/default/index.html: 0
[2016-10-19 06:00:08] EDIT app2/views/default/index.html: 0
[2016-10-19 06:03:06] EDIT app2/views/default/index.html: -39
[2016-10-19 06:03:37] EDIT app2/views/default/index.html: 32
[2016-10-19 06:04:00] EDIT app2/views/default/index.html: -3
[2016-10-19 06:04:18] EDIT app2/views/default/index.html: -29
[2016-10-19 06:05:12] EDIT app2/views/default/index.html: 0
[2016-10-19 06:06:02] EDIT app2/views/default/index.html: 0
[2016-10-19 06:06:14] EDIT app2/views/default/index.html: 0
[2016-10-19 06:06:31] EDIT app2/views/default/index.html: 0
[2016-10-19 06:06:40] EDIT app2/views/default/index.html: 0
[2016-10-19 06:07:28] EDIT app2/views/default/index.html: 0
[2016-10-19 06:09:28] EDIT app2/views/default/index.html: 0
[2016-10-19 06:09:47] EDIT app2/views/default/index.html: 0
[2016-10-19 06:10:16] EDIT app2/views/default/index.html: 0
[2016-10-19 06:10:51] EDIT app2/views/default/index.html: 0
[2016-10-19 06:12:24] EDIT app2/views/default/index.html: 1
[2016-10-19 06:13:31] EDIT app2/views/default/index.html: -1
[2016-10-19 06:13:49] EDIT app2/views/default/index.html: 0
[2016-10-19 06:14:57] EDIT app2/views/default/index.html: 0
[2016-10-19 06:15:24] EDIT app2/views/default/index.html: 0
[2016-10-19 06:15:34] EDIT app2/views/default/index.html: 0
[2016-10-19 06:17:50] EDIT app2/views/default/index.html: 0
[2016-10-19 06:18:08] EDIT app2/views/default/index.html: 1
[2016-10-19 06:18:16] EDIT app2/views/default/index.html: 0
[2016-10-19 06:18:36] EDIT app2/views/default/index.html: 0
[2016-10-19 06:19:56] EDIT app2/views/default/index.html: 0
[2016-10-19 06:20:12] EDIT app2/views/default/index.html: 0
[2016-10-19 06:20:19] EDIT app2/views/default/index.html: -1
[2016-10-19 06:22:40] EDIT app2/views/default/index.html: 0
[2016-10-19 06:22:52] EDIT app2/views/default/index.html: 0
[2016-10-19 06:22:59] EDIT app2/views/default/index.html: 0
[2016-10-19 06:26:58] EDIT app2/views/default/index.html: 1
[2016-10-19 06:27:34] EDIT app2/views/default/index.html: 0
[2016-10-19 06:28:11] EDIT app2/views/default/index.html: -1
[2016-10-19 06:29:22] EDIT app2/views/default/index.html: -1
[2016-10-19 06:31:12] EDIT app2/views/default/index.html: 6
[2016-10-19 06:31:50] EDIT app2/views/default/index.html: 8
[2016-10-19 06:32:07] EDIT app2/views/default/index.html: -2
[2016-10-19 06:32:49] EDIT app2/views/default/index.html: 0
[2016-10-19 06:33:11] EDIT app2/views/default/index.html: 0
[2016-10-19 06:33:25] EDIT app2/views/default/index.html: 0
[2016-10-19 06:33:41] EDIT app2/views/default/index.html: 0
[2016-10-19 06:34:09] EDIT app2/views/default/index.html: 0
[2016-10-19 06:34:21] EDIT app2/views/default/index.html: -2
[2016-10-19 06:34:31] EDIT app2/views/default/index.html: -2
[2016-10-19 06:35:03] EDIT app2/views/default/index.html: 0
[2016-10-19 06:35:18] EDIT app2/views/default/index.html: 0
[2016-10-19 06:35:31] EDIT app2/views/default/index.html: 0
[2016-10-19 06:35:44] EDIT app2/views/default/index.html: 0
[2016-10-19 06:35:53] EDIT app2/views/default/index.html: 0
[2016-10-19 06:36:15] EDIT app2/views/default/index.html: 0
[2016-10-19 06:36:26] EDIT app2/views/default/index.html: 0
[2016-10-19 06:38:23] EDIT app2/views/default/index.html: 0
[2016-10-19 06:39:31] EDIT app2/views/default/index.html: 0
[2016-10-19 06:39:46] EDIT app2/views/default/index.html: 0
[2016-10-19 06:40:03] EDIT app2/views/default/index.html: 0
[2016-10-19 06:40:17] EDIT app2/views/default/index.html: -1
[2016-10-19 06:40:27] EDIT app2/views/default/index.html: 0
[2016-10-19 06:40:37] EDIT app2/views/default/index.html: 0
[2016-10-19 06:40:56] EDIT app2/views/default/index.html: 0
[2016-10-19 06:41:12] EDIT app2/views/default/index.html: -1
[2016-10-19 09:05:00] EDIT app2/views/default/index.html: 1
[2016-10-19 09:05:13] EDIT app2/views/default/index.html: -1
[2016-10-19 09:06:27] EDIT app2/views/default/index.html: 41
[2016-10-19 09:07:03] EDIT app2/views/default/index.html: 0
[2016-10-19 09:07:31] EDIT app2/views/default/index.html: -41
[2016-10-19 09:09:26] EDIT app2/views/default/index.html: 0
[2016-10-19 09:09:38] EDIT app2/views/default/index.html: 0
[2016-10-19 09:09:48] EDIT app2/views/default/index.html: 0
[2016-10-19 09:10:01] EDIT app2/views/default/index.html: 0
[2016-10-19 09:10:26] EDIT app2/views/default/index.html: 0
[2016-10-19 09:10:38] EDIT app2/views/default/index.html: 0
[2016-10-19 09:10:47] EDIT app2/views/default/index.html: 0
[2016-10-19 09:10:56] EDIT app2/views/default/index.html: 0
[2016-10-19 09:11:02] EDIT app2/views/default/index.html: 0
[2016-10-19 09:11:09] EDIT app2/views/default/index.html: 0
[2016-10-19 09:11:30] EDIT app2/views/default/index.html: 0
[2016-10-19 09:11:37] EDIT app2/views/default/index.html: 0
[2016-10-19 09:11:48] EDIT app2/views/default/index.html: 0
[2016-10-19 09:15:02] EDIT app2/views/default/index.html: 0
[2016-10-19 09:15:15] EDIT app2/views/default/index.html: 0
[2016-10-19 09:15:33] EDIT app2/views/default/index.html: 0
[2016-10-19 09:16:02] EDIT app2/views/default/index.html: 0
[2016-10-19 09:17:51] EDIT app2/views/default/index.html: 4
[2016-10-19 09:18:18] EDIT app2/views/default/index.html: 0
[2016-10-19 09:18:47] EDIT app2/views/default/index.html: 0
[2016-10-19 09:19:42] EDIT app2/views/default/index.html: 10
[2016-10-19 09:20:24] EDIT app2/views/default/index.html: 12
[2016-10-19 09:21:10] EDIT app2/views/default/index.html: -17
[2016-10-19 09:22:58] EDIT app2/views/layout.html: 0
[2016-10-19 09:23:33] EDIT app2/views/layout.html: 0
[2016-10-19 09:27:44] EDIT app2/views/layout.html: 0
[2016-10-19 09:29:11] EDIT app2/views/layout.html: -25
[2016-10-19 09:30:45] EDIT app2/views/layout.html: 25
[2016-10-19 09:46:52] EDIT app2/static/css/web2py-bootstrap3.css: 0
[2016-10-19 09:49:25] EDIT app2/static/css/web2py-bootstrap3.css: 0
[2016-10-19 09:52:44] EDIT app2/static/css/web2py-bootstrap3.css: 0
[2016-10-19 09:58:39] EDIT app2/static/css/web2py-bootstrap3.css: 1
[2016-10-19 10:09:13] EDIT app2/controllers/default.py: 1
[2016-10-19 10:09:31] EDIT app2/controllers/default.py: 0
[2016-10-19 10:09:58] EDIT app2/views/default/search.html: 7
[2016-10-19 10:10:48] EDIT app2/views/default/search.html: 0
[2016-10-19 10:12:48] EDIT app2/views/default/search.html: 4
[2016-10-19 10:13:44] EDIT app2/views/default/search_company.html: 1
[2016-10-19 10:14:12] EDIT app2/views/default/search.html: 1
[2016-10-19 10:14:35] EDIT app2/views/default/search_company.html: 0
[2016-10-19 10:14:45] EDIT app2/views/default/search_people.html: 1
[2016-10-19 10:15:01] EDIT app2/views/default/search_product.html: 1
[2016-10-19 10:22:57] EDIT app2/views/default/index.html: 37
[2016-10-19 10:24:53] EDIT app2/views/default/index.html: 1
[2016-10-19 10:27:32] EDIT app2/views/default/index.html: 0
[2016-10-19 10:30:39] EDIT app2/views/layout.html: 1
[2016-10-19 10:32:18] EDIT app2/views/layout.html: 0
[2016-10-19 10:33:02] EDIT app2/views/default/index.html: -1
[2016-10-19 10:34:07] EDIT app2/views/default/index.html: 0
[2016-10-19 10:34:27] EDIT app2/views/default/index.html: 0
[2016-10-19 10:34:39] EDIT app2/views/default/index.html: 0
[2016-10-19 10:35:11] EDIT app2/views/default/index.html: 0
[2016-10-19 10:35:43] EDIT app2/views/default/index.html: 0
[2016-10-19 10:37:06] EDIT app2/controllers/default.py: 6
[2016-10-19 10:37:35] CREATE default/company.html: 0
[2016-10-19 10:38:09] EDIT app2/views/default/company.html: 6
[2016-10-19 10:38:19] CREATE default/product.html: 0
[2016-10-19 10:38:24] EDIT app2/views/default/product.html: 6
[2016-10-19 10:38:35] EDIT app2/controllers/default.py: 0
[2016-10-19 10:40:33] EDIT app2/views/default/index.html: 0
[2016-10-19 10:41:08] EDIT app2/views/default/index.html: 0
[2016-10-19 10:42:05] EDIT app2/views/default/index.html: 0
[2016-10-19 10:53:27] EDIT app2/static/css/web2py-bootstrap3.css: 0
[2016-10-19 11:03:15] DELETE app2/static/css/web2py-bootstrap3.css.1: -308
[2016-10-19 11:03:31] EDIT app2/static/css/web2py-bootstrap3.css: -1
[2016-10-19 11:04:20] EDIT app2/static/css/web2py-bootstrap3.css: 1
[2016-10-19 11:04:35] EDIT app2/static/css/web2py-bootstrap3.css: 0
[2016-10-19 11:09:27] EDIT app2/views/default/index.html: 0
[2016-10-19 11:09:42] EDIT app2/views/default/index.html: 0
[2016-10-19 11:10:00] EDIT app2/views/default/index.html: 0
[2016-10-19 11:10:11] EDIT app2/views/default/index.html: 0
[2016-10-19 11:11:02] EDIT app2/views/default/index.html: 6
[2016-10-19 11:11:09] EDIT app2/views/default/index.html: 0
[2016-10-19 11:11:23] EDIT app2/views/default/index.html: 0
[2016-10-19 11:11:34] EDIT app2/views/default/index.html: 0
[2016-10-19 11:11:51] EDIT app2/views/default/index.html: -6
[2016-10-19 11:13:26] EDIT app2/views/default/index.html: 0
[2016-10-19 11:13:53] EDIT app2/views/default/index.html: 0
[2016-10-19 11:14:03] EDIT app2/views/default/index.html: 0
[2016-10-19 11:14:14] EDIT app2/views/default/index.html: 0
[2016-10-19 11:16:00] EDIT app2/views/default/index.html: 0
[2016-10-19 11:16:11] EDIT app2/views/default/index.html: 0
[2016-10-19 11:16:30] EDIT app2/views/default/index.html: 0
[2016-10-19 11:16:41] EDIT app2/views/default/index.html: 0
[2016-10-19 11:16:55] EDIT app2/views/default/index.html: 0
[2016-10-19 11:17:07] EDIT app2/views/default/index.html: 0
[2016-10-19 11:19:56] EDIT app2/views/default/index.html: 0
[2016-10-19 11:20:27] EDIT app2/views/default/index.html: 0
[2016-10-19 11:22:48] EDIT app2/views/default/index.html: 0
[2016-10-19 12:33:01] EDIT app2/views/default/index.html: 0
[2016-10-19 13:23:31] EDIT app2/models/menu.py: 0
[2016-10-20 14:42:39] EDIT app2/views/layout.html: 1
[2016-10-20 14:42:59] EDIT app2/views/layout.html: 1
[2016-10-20 14:51:07] CREATE js/search.js: 0
[2016-10-20 14:56:14] EDIT app2/views/default/index.html: -6
[2016-10-20 15:00:32] EDIT app2/views/layout.html: 2
[2016-10-20 15:04:19] EDIT app2/views/default/index.html: 0
[2016-10-20 15:06:50] EDIT app2/views/default/index.html: 8
[2016-10-20 15:07:02] EDIT app2/static/js/search.js: 31
[2016-10-20 15:07:46] EDIT app2/static/js/search.js: 6
[2016-10-20 15:07:56] EDIT app2/static/js/search.js: 0
[2016-10-20 15:08:09] EDIT app2/static/js/search.js: 0
[2016-10-20 15:08:20] EDIT app2/views/default/index.html: 0
[2016-10-20 15:08:47] EDIT app2/views/default/index.html: -8
[2016-10-20 15:09:53] EDIT app2/static/css/web2py-bootstrap3.css: 8
[2016-10-20 15:10:17] EDIT app2/views/default/index.html: 0
[2016-10-20 15:14:21] EDIT app2/static/js/search.js: -23
[2016-10-20 15:14:52] EDIT app2/static/js/search.js: 0
[2016-10-20 15:15:09] EDIT app2/static/js/search.js: 0
[2016-10-20 15:24:41] EDIT app2/views/layout.html: 31
[2016-10-20 15:25:34] EDIT app2/views/layout.html: -21
[2016-10-20 15:27:22] EDIT app2/views/layout.html: -12
[2016-10-20 15:29:44] EDIT app2/views/layout.html: -4
[2016-10-20 15:30:02] EDIT app2/views/layout.html: 0
[2016-10-20 15:30:31] EDIT app2/views/layout.html: 2
[2016-10-20 15:30:45] EDIT app2/views/layout.html: -2
[2016-10-20 15:32:38] EDIT app2/views/default/index.html: 0
[2016-10-20 16:53:12] EDIT app2/views/default/index.html: -6
[2016-10-20 16:53:50] EDIT app2/views/default/index.html: 0
[2016-10-20 16:54:07] EDIT app2/views/default/index.html: 0
[2016-10-20 16:54:18] EDIT app2/views/default/index.html: 0
[2016-10-20 16:56:45] EDIT app2/views/default/user.html: 3
[2016-10-20 16:57:22] EDIT app2/views/default/user.html: 0
[2016-10-20 16:57:39] EDIT app2/views/default/user.html: 1
[2016-10-20 16:59:44] EDIT app2/views/default/user.html: 24
[2016-10-20 17:00:17] EDIT app2/views/default/user.html: -18
[2016-10-20 17:00:33] EDIT app2/views/default/user.html: -6
[2016-10-20 17:02:02] EDIT app2/views/default/index.html: -9
[2016-10-20 17:02:41] EDIT app2/views/default/index.html: 0
[2016-10-20 17:03:35] EDIT app2/views/default/index.html: 0
[2016-10-20 17:03:45] EDIT app2/views/default/index.html: 0
[2016-10-20 17:04:00] EDIT app2/views/default/index.html: -1
[2016-10-20 17:05:19] EDIT app2/views/default/index.html: 1
[2016-10-20 17:08:32] EDIT app2/views/default/index.html: 11
[2016-10-20 17:09:04] EDIT app2/views/default/index.html: 0
[2016-10-20 17:09:55] EDIT app2/views/default/index.html: 0
[2016-10-20 17:12:16] EDIT app2/views/default/index.html: -11
[2016-10-20 17:50:04] EDIT app2/views/default/product.html: 0
[2016-10-20 17:50:15] EDIT app2/views/default/company.html: 0
[2016-10-20 18:01:40] EDIT app2/views/default/company.html: 1
[2016-10-20 18:09:25] EDIT app2/views/default/company.html: -1
[2016-10-20 18:15:19] EDIT app2/views/default/index.html: 0
[2016-10-20 18:16:02] EDIT app2/views/default/index.html: -1
[2016-10-20 18:18:54] EDIT app2/views/default/index.html: 0
[2016-10-20 18:20:23] EDIT app2/views/default/index.html: 0
[2016-10-20 18:20:34] EDIT app2/views/default/index.html: 0
[2016-10-20 18:21:18] EDIT app2/views/default/index.html: 2
[2016-10-20 18:24:02] EDIT app2/views/default/index.html: 0
[2016-10-20 18:24:33] EDIT app2/views/default/index.html: -2
[2016-10-20 18:25:01] EDIT app2/views/default/index.html: 0
[2016-10-20 18:25:15] EDIT app2/views/default/index.html: 0
[2016-10-20 18:26:29] EDIT app2/views/default/index.html: 0
[2016-10-20 18:26:55] EDIT app2/views/default/index.html: 0
[2016-10-21 09:32:43] EDIT app2/static/css/web2py-bootstrap3.css: 0
[2016-10-21 09:37:14] EDIT app2/static/css/web2py-bootstrap3.css: 0
[2016-10-21 09:37:39] EDIT app2/static/css/web2py-bootstrap3.css: 0
[2016-10-21 09:37:54] EDIT app2/static/css/web2py-bootstrap3.css: 0
[2016-10-21 12:02:01] EDIT app2/controllers/default.py: 18
[2016-10-21 12:02:36] EDIT app2/controllers/default.py: 0
[2016-10-21 12:02:55] EDIT app2/controllers/default.py: -1
[2016-10-21 12:03:07] EDIT app2/controllers/default.py: -1
[2016-10-21 15:18:13] EDIT app2/views/default/index.html: 0
[2016-10-21 15:18:27] EDIT app2/views/default/index.html: 0
[2016-10-21 15:18:45] EDIT app2/views/default/index.html: 0
[2016-10-21 15:21:52] EDIT app2/static/css/web2py-bootstrap3.css: 0
[2016-10-21 15:22:30] EDIT app2/static/css/web2py-bootstrap3.css: -1
[2016-10-21 15:28:08] EDIT app2/static/css/web2py-bootstrap3.css: 0
[2016-10-21 15:29:30] EDIT app2/views/default/index.html: 0
[2016-10-21 15:34:35] EDIT app2/controllers/default.py: 23
[2016-10-21 15:38:05] EDIT app2/static/css/bootstrap.min.css: 0
[2016-10-21 15:38:34] EDIT app2/static/css/bootstrap.min.css: 0
[2016-10-21 15:39:01] EDIT app2/static/css/bootstrap.min.css: 0
[2016-10-21 15:39:56] EDIT app2/static/css/bootstrap.min.css: 0
[2016-10-21 15:47:23] EDIT app2/controllers/default.py: 0
[2016-10-21 15:48:15] EDIT app2/controllers/default.py: 0
[2016-10-21 15:48:33] EDIT app2/controllers/default.py: 0
[2016-10-21 15:50:05] EDIT app2/controllers/default.py: 1
[2016-10-21 15:52:08] EDIT app2/controllers/default.py: 0
[2016-11-10 05:41:57] EDIT app2/controllers/default.py: 0
[2016-11-10 05:43:40] EDIT app2/views/default/index.html: 0
[2016-11-22 14:36:37] CREATE app2_modules.py: 0
[2016-11-22 14:39:04] EDIT app2/modules/app2_modules.py: 13
[2016-11-22 14:40:03] EDIT app2/models/db.py: 2
[2016-11-22 14:42:04] DELETE app2/models/db1.py: -12
[2016-11-23 07:01:18] EDIT app2/modules/app2_module.py: 0
[2016-11-23 07:01:53] EDIT app2/models/db.py: -2
[2016-11-23 07:02:03] EDIT app2/controllers/default.py: 2
[2016-11-23 07:02:17] EDIT app2/controllers/default.py: -2
[2016-11-23 07:02:29] EDIT app2/models/db.py: 2
[2016-12-09 11:30:58] EDIT app2/controllers/default.py: -1
[2016-12-10 07:11:43] EDIT app2/views/default/search.html: 4
[2016-12-10 07:12:39] EDIT app2/views/default/search.html: 0
[2016-12-10 07:13:22] EDIT app2/views/default/search.html: 1
[2016-12-10 07:14:09] EDIT app2/views/default/search.html: 0
[2016-12-10 07:15:08] EDIT app2/views/default/search.html: -5
[2016-12-10 07:18:08] EDIT app2/controllers/default.py: 1
[2016-12-10 07:18:24] EDIT app2/views/default/search.html: 1
[2016-12-10 07:18:48] EDIT app2/controllers/default.py: 0
[2016-12-10 07:18:58] EDIT app2/views/default/search.html: 0
[2016-12-10 07:20:34] EDIT app2/views/default/search.html: 0
[2016-12-10 07:21:36] EDIT app2/controllers/default.py: 0
[2016-12-10 07:22:12] EDIT app2/controllers/default.py: 0
[2016-12-10 07:22:48] EDIT app2/views/default/search.html: 0
[2016-12-10 07:22:54] EDIT app2/controllers/default.py: 0
[2016-12-10 07:29:38] EDIT app2/controllers/default.py: -1
[2016-12-10 07:29:46] EDIT app2/views/default/search.html: -1
[2016-12-10 07:30:06] EDIT app2/controllers/default.py: 0
[2016-12-10 07:34:02] EDIT app2/views/default/people.html: 16
[2016-12-10 07:35:58] EDIT app2/views/default/people.html: 9
[2016-12-10 07:36:44] EDIT app2/views/default/people.html: 0
[2016-12-10 07:38:40] EDIT app2/views/default/people.html: 1
[2016-12-10 07:39:10] EDIT app2/views/default/people.html: -5
[2016-12-10 07:40:24] EDIT app2/views/default/people.html: 1
[2016-12-10 07:41:23] EDIT app2/views/default/people.html: 4
[2016-12-10 07:43:20] EDIT app2/views/default/people.html: -2
[2016-12-10 07:44:07] EDIT app2/views/default/people.html: 0
[2016-12-10 07:45:49] EDIT app2/views/default/people.html: -3
[2016-12-10 07:46:01] EDIT app2/views/default/people.html: 0
[2016-12-10 07:46:32] EDIT app2/views/default/people.html: 1
[2016-12-10 07:48:20] EDIT app2/views/default/people.html: 0
[2016-12-10 07:51:29] EDIT app2/views/default/people.html: 1
[2016-12-10 07:53:11] EDIT app2/views/default/people.html: 0
[2016-12-10 07:54:08] EDIT app2/views/default/people.html: 0
[2016-12-10 07:55:01] EDIT app2/views/default/people.html: 0
[2016-12-10 07:57:58] EDIT app2/views/default/people.html: 2
[2016-12-10 07:58:46] EDIT app2/views/default/people.html: 0
[2016-12-10 08:00:27] EDIT app2/views/default/people.html: 5
[2016-12-10 08:00:39] EDIT app2/views/default/people.html: 0
[2016-12-10 08:01:06] EDIT app2/views/default/people.html: 0
[2016-12-10 08:01:22] EDIT app2/views/default/people.html: 0
[2016-12-11 15:35:44] EDIT app2/controllers/default.py: 3
[2016-12-11 15:36:16] EDIT app2/controllers/default.py: 0
[2016-12-11 15:37:30] EDIT app2/views/default/people.html: 0
[2016-12-11 15:38:57] EDIT app2/views/default/people.html: 1
[2016-12-11 15:40:03] CREATE default/person.html: 0
[2016-12-11 15:40:17] EDIT app2/views/default/person.html: -1
[2016-12-11 15:40:46] EDIT app2/views/default/person.html: 0
[2016-12-11 15:42:57] EDIT app2/views/default/person.html: 0
[2016-12-11 15:43:14] EDIT app2/views/default/person.html: 0
[2016-12-11 15:44:20] EDIT app2/views/default/person.html: 0
[2016-12-11 15:44:41] EDIT app2/controllers/default.py: 0
[2016-12-11 15:45:16] EDIT app2/views/default/person.html: 0
[2016-12-11 15:45:42] EDIT app2/views/default/person.html: 2
[2016-12-11 15:46:19] EDIT app2/views/default/person.html: 0
[2016-12-11 15:47:42] EDIT app2/controllers/default.py: 0
[2016-12-11 15:48:07] EDIT app2/views/default/person.html: 0
[2016-12-11 15:48:48] EDIT app2/controllers/default.py: -3
[2016-12-11 15:49:02] EDIT app2/views/default/people.html: -1
[2016-12-11 15:49:19] DELETE app2/views/default/person.html: -4
[2016-12-11 15:49:51] EDIT app2/views/default/people.html: 0
[2016-12-11 19:04:26] EDIT app2/views/default/company.html: 2
[2016-12-11 19:05:27] EDIT app2/views/default/people.html: 2
[2016-12-12 05:16:05] EDIT app2/modules/app2_module.py: 1
[2016-12-12 05:18:56] EDIT app2/modules/app2_module.py: 0
[2016-12-12 05:20:06] EDIT app2/controllers/default.py: 0
[2016-12-12 05:51:20] EDIT app2/models/menu.py: 2
[2016-12-12 05:59:05] EDIT app2/modules/app2_module.py: 2
[2016-12-12 05:59:15] EDIT app2/modules/app2_module.py: 0
[2016-12-12 06:01:00] EDIT app2/modules/app2_module.py: 1
[2016-12-12 06:03:34] EDIT app2/modules/app2_module.py: 0
[2016-12-12 06:05:57] EDIT app2/modules/app2_module.py: 0
[2016-12-12 06:20:39] EDIT app2/views/layout.html: 4
[2016-12-12 06:21:37] EDIT app2/views/layout.html: 0
[2016-12-14 05:51:34] CREATE default/search_all.load: 0
[2016-12-14 05:52:14] EDIT app2/views/default/search_all.load: 1
[2016-12-14 05:57:58] EDIT app2/views/default/index.html: 1
[2016-12-14 05:58:20] EDIT app2/views/default/index.html: 0
[2016-12-14 05:59:31] EDIT app2/views/default/index.html: 0
[2016-12-14 06:00:49] EDIT app2/controllers/default.py: 15
[2016-12-14 06:03:07] EDIT app2/views/default/index.html: 0
[2016-12-14 06:04:38] EDIT app2/views/default/search_all.load: 10
[2016-12-14 06:08:21] EDIT app2/views/default/index.html: -1
[2016-12-14 06:10:40] EDIT app2/views/default/search_all.html: 1
[2016-12-14 06:12:08] EDIT app2/views/default/search_all.html: 0
[2016-12-14 06:13:08] EDIT app2/views/default/search_all.html: 2
[2016-12-14 06:13:27] EDIT app2/views/default/search_all.html: -1
[2016-12-14 06:14:23] EDIT app2/views/default/search_all.html: 0
[2016-12-14 06:16:31] EDIT app2/controllers/default.py: -15
[2016-12-14 06:16:51] EDIT app2/views/default/index.html: 0
[2016-12-14 06:27:45] EDIT app1/controllers/default.py: 2
[2016-12-14 06:29:31] EDIT app1/views/default/index.html: -6
[2016-12-14 06:30:40] EDIT app1/views/default/index.html: 0
[2016-12-14 06:31:37] EDIT app1/views/default/index.html: -2
[2016-12-14 06:32:18] EDIT app1/views/default/index.html: 0
[2016-12-14 06:32:49] EDIT app1/views/default/index.html: 0
[2016-12-14 06:32:56] EDIT app1/views/default/index.html: 0
[2016-12-14 06:35:26] EDIT app1/views/default/index.html: 0
[2016-12-14 06:39:51] EDIT app1/views/default/search.html: 0
[2016-12-14 06:40:55] EDIT app1/controllers/default.py: 2
[2016-12-14 06:42:33] EDIT app1/views/default/search.html: 0
[2016-12-14 06:43:12] EDIT app1/views/default/search.html: 0
[2016-12-14 06:43:58] EDIT app1/views/default/search.html: 0
[2016-12-14 06:45:41] EDIT app1/views/default/search.html: 8
[2016-12-14 06:46:11] EDIT app1/views/default/search.html: 2
[2016-12-14 06:47:33] EDIT app1/views/default/search.html: 0
[2016-12-14 06:47:55] EDIT app1/views/default/search.html: 0
[2016-12-14 06:49:52] EDIT app1/views/default/search.html: 0
[2016-12-14 06:50:13] EDIT app1/views/default/search.html: 0
[2016-12-14 06:57:39] EDIT app1/views/default/search.html: -12
[2016-12-14 06:58:21] EDIT app1/views/default/search.html: 4
[2016-12-14 06:58:35] EDIT app1/views/default/search.html: 1
[2016-12-14 06:58:59] EDIT app1/views/default/search.html: -5
[2016-12-14 07:00:24] EDIT app1/views/default/search.html: 0
[2016-12-14 07:01:00] EDIT app1/views/default/search.html: 2
[2016-12-14 07:01:27] EDIT app1/views/default/search.html: 0
[2016-12-14 07:01:45] EDIT app1/views/default/search.html: 1
[2016-12-14 07:01:56] EDIT app1/views/default/search.html: 0
[2016-12-14 07:02:41] EDIT app1/views/default/search.html: 0
[2016-12-14 07:04:39] EDIT app1/views/default/search.html: 6
[2016-12-14 07:06:38] EDIT app1/views/default/search.html: 0
[2016-12-14 07:09:31] EDIT app1/views/default/search.html: -3
[2016-12-14 07:12:36] EDIT app1/views/default/search.html: 0
[2016-12-14 07:13:29] EDIT app1/views/default/search.html: -2
[2016-12-14 07:14:15] EDIT app1/views/default/search.html: 0
[2016-12-14 07:19:50] EDIT app1/views/default/index.html: 7
[2016-12-14 07:22:28] EDIT app1/views/default/index.html: 0
[2016-12-14 07:23:23] EDIT app1/views/default/index.html: 0
[2016-12-14 08:29:31] EDIT app1/views/default/people.html: 5
[2016-12-14 08:30:08] EDIT app1/views/default/people.html: -7
[2016-12-14 08:32:00] EDIT app1/views/default/companies.html: -2
[2016-12-14 08:33:34] EDIT app1/views/default/products.html: 6
[2016-12-14 08:34:21] EDIT app1/views/default/products.html: -8
[2016-12-14 08:36:28] EDIT app1/views/default/companies.html: 1
[2016-12-14 08:36:44] EDIT app1/views/default/companies.html: 0
[2016-12-14 08:37:04] EDIT app1/views/default/companies.html: 0
[2016-12-14 08:37:16] EDIT app1/views/default/people.html: 0
[2016-12-14 08:38:46] EDIT app1/views/default/search.html: 0
[2016-12-14 08:39:43] EDIT app1/views/default/search.html: 0
[2016-12-14 08:40:18] EDIT app1/views/default/search.html: 0
[2016-12-14 08:40:27] EDIT app1/views/default/search.html: 0
[2016-12-14 08:40:47] EDIT app1/views/default/search.html: 0
[2016-12-14 09:06:59] EDIT app7/controllers/default.py: -27
[2016-12-14 09:07:57] EDIT app7/modules/app2_module.py: 0
[2016-12-14 09:22:43] EDIT app7/controllers/default.py: 2
[2016-12-14 09:23:03] EDIT app7/controllers/default.py: -2
[2016-12-14 09:30:18] EDIT app7/static/js/main.js: 0
[2016-12-21 06:42:51] EDIT app7/modules/app2_module.py: 3
[2016-12-21 06:46:10] EDIT app7/controllers/default.py: 3
[2016-12-21 06:47:12] CREATE default/magazine.html: 0
[2016-12-21 06:50:49] EDIT app7/controllers/default.py: 4
[2016-12-21 06:52:41] EDIT app7/controllers/default.py: 3
[2016-12-21 06:55:47] EDIT app7/views/default/search.html: 7
[2016-12-21 06:57:08] EDIT app7/models/menu.py: 1
[2016-12-21 06:59:37] EDIT app7/static/js/main.js: 13
[2016-12-21 07:00:39] EDIT app7/views/default/magazine.html: 22
[2016-12-21 07:01:05] EDIT app7/views/default/magazine.html: 0
[2016-12-21 07:01:50] EDIT app7/views/default/magazine.html: 0
[2016-12-21 07:02:33] EDIT app7/views/default/companies.html: 0
[2016-12-21 07:04:03] EDIT app7/static/js/main.js: 0
[2016-12-21 07:05:07] CREATE default/article.html: 0
[2016-12-21 07:06:02] EDIT app7/views/default/article.html: 4
[2016-12-21 07:09:02] EDIT app7/views/default/magazine.html: 0
[2016-12-21 07:10:11] EDIT app7/views/default/magazine.html: 0
[2016-12-21 08:36:59] EDIT app3/views/default/companies.html: 0
[2016-12-21 08:37:30] EDIT app3/views/default/index.html: -25
[2016-12-21 08:37:40] EDIT app3/views/default/magazine.html: 0
[2016-12-21 08:37:53] EDIT app3/views/default/people.html: 0
[2016-12-21 08:38:11] EDIT app3/views/default/products.html: 0
[2016-12-21 08:38:35] EDIT app3/views/default/search.html: 0
[2016-12-21 08:39:25] EDIT app3/static/js/main.js: 0
[2016-12-21 08:40:40] EDIT app3/views/layout.html: -3
[2016-12-21 08:44:23] EDIT app3/static/js/main.js: 0
[2016-12-21 08:44:57] EDIT app3/views/default/magazine.html: 0
[2016-12-21 08:45:17] EDIT app3/views/default/magazine.html: 0
[2016-12-21 08:50:44] EDIT app3/static/js/main.js: 0
[2016-12-21 08:52:09] EDIT app3/static/js/main.js: 0
[2016-12-21 08:52:37] EDIT app3/static/js/main.js: 0
[2016-12-21 08:54:02] EDIT app3/views/default/magazine.html: 1
[2016-12-21 08:55:12] EDIT app3/views/default/magazine.html: 0
[2016-12-21 08:57:45] EDIT app3/views/default/products.html: 1
[2016-12-21 08:58:19] EDIT app3/views/default/products.html: -1
[2016-12-21 08:58:42] EDIT app3/views/default/people.html: 1
[2016-12-21 08:59:14] EDIT app3/views/default/companies.html: 1
[2016-12-21 09:00:00] EDIT app3/views/default/products.html: 0
[2016-12-22 11:34:12] EDIT app3/static/css/web2py-bootstrap3.css: -7
[2016-12-22 11:35:21] EDIT app3/static/css/web2py.css: 0
[2016-12-22 11:36:44] EDIT app3/views/layout.html: 0
[2016-12-22 11:38:33] EDIT app3/static/css/web2py.css: 0
[2016-12-22 11:39:09] EDIT app3/static/css/web2py-bootstrap3.css: 7
[2016-12-22 19:00:22] EDIT app3/static/css/web2py-bootstrap3.css: 1
[2016-12-24 13:44:14] EDIT app3/views/layout.html: -1
[2016-12-30 11:54:49] EDIT app3/controllers/default.py: 35
[2016-12-30 11:55:26] EDIT app3/models/menu.py: 2
[2016-12-30 11:55:47] CREATE default/edit.html: 0
[2016-12-30 11:56:05] CREATE default/profile.html: 0
[2016-12-30 11:56:14] CREATE default/create.html: 0
[2016-12-30 11:56:49] EDIT app3/views/default/profile.html: 57
[2016-12-30 11:57:11] EDIT app3/views/default/create.html: 6
[2016-12-30 11:57:29] EDIT app3/views/default/edit.html: 6
[2016-12-30 11:57:33] EDIT app3/models/menu.py: 0
[2016-12-30 12:01:46] EDIT app3/models/db.py: 1
[2016-12-30 12:02:25] EDIT app3/modules/app2_module.py: 1
[2016-12-30 12:03:11] EDIT app3/models/db.py: 2
[2016-12-30 12:19:32] EDIT app3/views/default/profile.html: 4
[2016-12-30 12:20:34] EDIT app3/views/default/profile.html: 7
[2016-12-30 12:20:56] EDIT app3/views/default/profile.html: -6
[2016-12-30 12:21:30] EDIT app3/views/default/profile.html: 7
[2016-12-30 12:21:50] EDIT app3/views/default/profile.html: -2
[2016-12-30 12:22:07] EDIT app3/views/default/profile.html: 1
[2016-12-30 12:22:32] EDIT app3/views/default/profile.html: -2
[2016-12-30 12:22:57] EDIT app3/views/default/profile.html: 0
[2016-12-30 12:24:27] EDIT app3/views/default/profile.html: 0
[2016-12-30 12:24:56] EDIT app3/views/default/profile.html: -9
[2016-12-30 12:30:59] EDIT app3/views/default/profile.html: 15
[2016-12-30 12:32:02] EDIT app3/views/default/profile.html: 3
[2016-12-30 12:32:20] EDIT app3/views/default/profile.html: 0
[2016-12-30 12:32:36] EDIT app3/views/default/profile.html: -1
[2016-12-30 12:33:06] EDIT app3/views/default/profile.html: -1
[2016-12-30 12:33:33] EDIT app3/views/default/profile.html: -5
[2016-12-30 12:34:00] EDIT app3/views/default/profile.html: 0
[2016-12-30 12:37:06] EDIT app3/views/default/companies.html: -1
[2016-12-30 12:37:21] EDIT app3/views/default/companies.html: 1
[2016-12-30 12:37:49] EDIT app3/views/default/companies.html: 0
[2016-12-30 14:29:06] EDIT app3/views/default/profile.html: 0
[2016-12-30 14:29:16] EDIT app3/views/default/profile.html: 0
[2016-12-31 05:47:08] EDIT app3/controllers/default.py: -1
[2016-12-31 06:26:35] EDIT app3/views/layout.html: 0
[2016-12-31 06:27:10] EDIT app3/views/layout.html: 0
[2016-12-31 06:27:26] EDIT app3/views/layout.html: 0
[2016-12-31 06:28:44] EDIT app3/views/layout.html: 0
[2016-12-31 06:30:32] EDIT app3/views/layout.html: 0
[2016-12-31 06:33:21] EDIT app3/static/css/bootstrap.min.css: 0
[2016-12-31 06:33:36] EDIT app3/static/css/bootstrap.min.css: 0
[2016-12-31 06:36:13] EDIT app3/views/layout.html: 0
[2016-12-31 06:36:54] EDIT app3/views/layout.html: 0
[2016-12-31 06:37:20] EDIT app3/views/layout.html: 0
[2016-12-31 06:39:13] EDIT app3/views/layout.html: 0
[2016-12-31 06:39:23] EDIT app3/views/layout.html: 0
[2016-12-31 06:40:24] EDIT app3/views/layout.html: -4
[2016-12-31 06:40:48] EDIT app3/views/layout.html: 0
[2016-12-31 06:40:56] EDIT app3/views/layout.html: 0
[2016-12-31 06:41:22] EDIT app3/views/layout.html: 0
[2016-12-31 06:41:41] EDIT app3/views/layout.html: 0
[2016-12-31 06:56:40] EDIT app3/views/default/profile.html: 0
[2016-12-31 06:57:12] EDIT app3/views/default/profile.html: 0
[2016-12-31 06:58:06] EDIT app3/views/default/edit.html: 2
[2016-12-31 06:58:33] EDIT app3/views/default/edit.html: 0
[2016-12-31 06:58:45] EDIT app3/views/default/edit.html: 0
[2016-12-31 06:58:54] EDIT app3/views/default/edit.html: 0
[2016-12-31 06:59:21] EDIT app3/views/default/create.html: 2
[2017-01-01 09:12:06] EDIT app3/views/layout.html: 0
[2017-01-01 15:57:17] EDIT app3/static/js/web2py-bootstrap3.js: 0
[2017-01-01 16:07:26] EDIT app3/static/css/web2py-bootstrap3.css: 4
[2017-01-01 16:12:45] EDIT app3/static/css/web2py-bootstrap3.css: 2
[2017-01-01 16:13:54] EDIT app3/static/css/web2py-bootstrap3.css: 0
[2017-01-01 16:18:07] EDIT app3/views/default/edit.html: 0
[2017-01-01 16:18:48] EDIT app3/views/default/create.html: 0
[2017-01-02 07:29:12] EDIT app3/static/css/bootstrap.min.css: 0
[2017-01-02 07:30:50] EDIT app3/static/css/bootstrap.min.css: 0
[2017-01-02 07:34:55] EDIT app3/static/css/bootstrap.min.css: 0
[2017-01-02 07:36:20] EDIT app3/static/css/bootstrap.min.css: 0
[2017-01-02 07:37:12] EDIT app3/static/css/bootstrap.min.css: 0
[2017-01-02 07:38:17] EDIT app3/static/css/bootstrap.min.css: 0
[2017-01-02 07:41:58] EDIT app3/static/css/bootstrap.min.css: 1
[2017-01-02 07:43:30] EDIT app3/static/css/bootstrap.min.css: 0
[2017-01-02 07:45:01] EDIT app3/static/css/bootstrap.min.css: 0
[2017-01-02 07:49:14] EDIT app3/static/css/bootstrap.min.css: 0
[2017-01-02 07:54:25] EDIT app3/static/css/web2py-bootstrap3.css: 0
[2017-01-02 07:55:41] EDIT app3/views/layout.html: 0
[2017-01-02 10:04:30] EDIT app3/views/layout.html: 0
[2017-01-02 10:17:55] EDIT app3/models/menu.py: -2
[2017-01-02 10:18:08] EDIT app3/models/menu.py: 0
[2017-01-02 10:18:33] EDIT app3/models/menu.py: 0
[2017-01-02 10:20:06] EDIT app3/models/menu.py: 0
[2017-01-02 10:20:31] EDIT app3/views/layout.html: 0
[2017-01-02 10:24:19] EDIT app3/models/menu.py: 0
[2017-01-02 10:24:42] EDIT app3/models/menu.py: 0
[2017-01-02 10:24:53] EDIT app3/models/menu.py: 0
[2017-01-02 10:25:07] EDIT app3/models/menu.py: 0
[2017-01-02 14:34:00] EDIT app3/views/layout.html: 2
[2017-01-02 14:34:41] DELETE app3/views/layout.html.1: -129
[2017-01-02 14:35:00] EDIT app3/views/layout.html: 0
[2017-01-02 14:35:19] EDIT app3/views/layout.html: 0
[2017-01-02 14:35:43] EDIT app3/views/layout.html: -2
[2017-01-02 14:36:27] EDIT app3/views/layout.html: 0
[2017-01-02 14:37:09] EDIT app3/views/layout.html: 0
[2017-01-02 14:37:27] EDIT app3/views/layout.html: 0
[2017-01-02 14:37:42] EDIT app3/views/layout.html: 0
[2017-01-02 14:38:17] EDIT app3/views/layout.html: 0
[2017-01-02 14:38:39] EDIT app3/views/layout.html: 0
[2017-01-02 14:39:29] EDIT app3/views/layout.html: 0
[2017-01-02 14:39:41] EDIT app3/views/layout.html: 0
[2017-01-02 14:40:05] EDIT app3/views/layout.html: 0
[2017-01-02 14:43:19] EDIT app3/views/layout.html: 0
[2017-01-02 14:45:50] EDIT app3/views/default/index.html: 1
[2017-01-02 14:46:17] EDIT app3/views/default/index.html: -1
[2017-01-02 15:15:47] EDIT app3/views/layout.html: 0
[2017-01-02 17:27:13] EDIT app3/views/default/products.html: 1
[2017-01-02 17:27:31] EDIT app3/views/default/products.html: 0
[2017-01-02 17:27:58] EDIT app3/views/default/products.html: 1
[2017-01-02 17:29:23] EDIT app3/views/default/products.html: 105
[2017-01-02 17:30:53] EDIT app3/views/default/products.html: -104
[2017-01-02 17:31:25] EDIT app3/views/default/products.html: 1
[2017-01-02 17:31:44] EDIT app3/views/default/products.html: -4
[2017-01-03 08:48:50] EDIT app3/views/layout.html: 0
[2017-01-03 08:54:26] EDIT app3/views/layout.html: 0
[2017-01-03 08:54:43] EDIT app3/views/layout.html: 0
[2017-01-03 08:55:48] EDIT app3/views/layout.html: 2
[2017-01-03 08:55:58] EDIT app3/views/layout.html: 0
[2017-01-03 08:56:12] EDIT app3/views/layout.html: 0
[2017-01-03 08:56:22] EDIT app3/views/layout.html: 0
[2017-01-03 08:57:08] EDIT app3/views/layout.html: 0
[2017-01-03 08:59:04] EDIT app3/static/css/web2py-bootstrap3.css: 0
[2017-01-03 08:59:18] EDIT app3/static/css/web2py-bootstrap3.css: 0
[2017-01-03 08:59:51] EDIT app3/static/css/web2py-bootstrap3.css: 0
[2017-01-03 09:00:43] EDIT app3/static/css/web2py-bootstrap3.css: 0
[2017-01-03 09:01:51] EDIT app3/static/css/web2py-bootstrap3.css: 0
[2017-01-03 09:02:23] EDIT app3/static/css/web2py-bootstrap3.css: 0
[2017-01-03 09:03:35] EDIT app3/views/layout.html: 0
[2017-01-03 09:03:55] EDIT app3/views/layout.html: 0
[2017-01-03 09:04:28] EDIT app3/static/css/web2py-bootstrap3.css: 0
[2017-01-03 09:06:06] EDIT app3/static/css/web2py-bootstrap3.css: 0
[2017-01-03 10:02:08] EDIT app3/views/layout.html: 0
[2017-01-03 10:05:24] EDIT app3/views/layout.html: -2
[2017-01-03 10:06:25] EDIT app3/views/layout.html: 0
[2017-01-03 10:06:54] EDIT app3/views/layout.html: 0
[2017-01-03 10:08:16] EDIT app3/models/menu.py: 0
[2017-01-03 11:29:35] EDIT app3/controllers/default.py: 0
[2017-01-03 11:33:59] EDIT app3/controllers/default.py: 0
[2017-01-03 11:35:33] EDIT app3/modules/app2_module.py: 0
[2017-01-03 11:36:07] EDIT app3/controllers/default.py: 0
[2017-01-03 11:37:43] EDIT app3/controllers/default.py: -6
[2017-01-03 11:41:53] EDIT app3/controllers/default.py: 1
[2017-01-03 11:43:16] EDIT app3/controllers/default.py: -3
[2017-01-04 06:11:54] EDIT app3/controllers/default.py: -1
[2017-01-04 06:12:13] EDIT app3/models/db.py: 1
[2017-01-05 08:39:06] EDIT app3/views/layout.html: 0
[2017-01-05 08:39:35] EDIT app3/views/layout.html: 0
[2017-01-05 08:41:13] EDIT app3/views/layout.html: 0
[2017-01-05 08:42:03] EDIT app3/static/css/web2py-bootstrap3.css: 0
[2017-01-05 08:42:15] EDIT app3/views/layout.html: 0
[2017-01-05 08:43:04] EDIT app3/static/css/web2py-bootstrap3.css: 0
[2017-01-05 08:51:49] EDIT app3/views/layout.html: 0
[2017-01-05 08:59:37] EDIT app3/static/css/web2py-bootstrap3.css: 0
[2017-01-05 09:00:47] EDIT app3/static/css/web2py-bootstrap3.css: 0
[2017-01-05 09:05:30] EDIT app3/static/css/web2py-bootstrap3.css: 0
[2017-01-05 09:06:44] EDIT app3/static/css/web2py-bootstrap3.css: 0
[2017-01-05 09:07:13] EDIT app3/static/css/web2py-bootstrap3.css: 0
[2017-01-05 09:08:24] EDIT app3/static/css/web2py-bootstrap3.css: 0
[2017-01-05 09:08:47] EDIT app3/static/css/web2py-bootstrap3.css: 0
[2017-01-05 09:09:51] EDIT app3/static/css/web2py-bootstrap3.css: 0
[2017-01-05 09:10:47] EDIT app3/views/layout.html: 0
[2017-01-05 09:11:20] EDIT app3/views/layout.html: 0
[2017-01-05 09:11:37] EDIT app3/static/css/web2py-bootstrap3.css: 0
[2017-01-05 09:12:09] EDIT app3/views/layout.html: 0
[2017-01-05 09:13:45] EDIT app3/views/layout.html: -24
[2017-01-05 09:15:06] EDIT app3/views/layout.html: 2
[2017-01-05 09:15:57] EDIT app3/views/layout.html: 22
[2017-01-05 09:29:47] EDIT app3/views/layout.html: 0
[2017-01-05 09:30:21] EDIT app3/views/layout.html: 0
[2017-01-05 09:32:15] EDIT app3/static/css/web2py-bootstrap3.css: 0
[2017-01-05 09:33:46] EDIT app3/static/css/web2py-bootstrap3.css: 0
[2017-01-05 09:34:14] EDIT app3/static/css/web2py-bootstrap3.css: 0
[2017-01-05 09:34:52] EDIT app3/views/layout.html: 0
[2017-01-05 09:37:17] EDIT app3/views/layout.html: 14
[2017-01-05 09:38:35] EDIT app3/static/css/web2py-bootstrap3.css: 32
[2017-01-05 09:40:10] EDIT app3/static/css/web2py-bootstrap3.css: 145
[2017-01-05 09:41:07] EDIT app3/views/layout.html: 179
[2017-01-05 09:42:53] EDIT app3/views/layout.html: 38
[2017-01-05 09:44:07] EDIT app3/views/layout.html: 0
[2017-01-05 09:44:43] EDIT app3/views/layout.html: 1
[2017-01-05 09:45:47] EDIT app3/views/layout.html: 0
[2017-01-05 09:47:02] EDIT app3/views/layout.html: 0
[2017-01-05 09:47:42] EDIT app3/views/layout.html: 0
[2017-01-05 09:49:52] EDIT app3/views/layout.html: 4
[2017-01-05 09:50:36] EDIT app3/views/layout.html: -3
[2017-01-05 09:50:59] EDIT app3/views/layout.html: -39
[2017-01-05 09:51:21] EDIT app3/views/layout.html: -194
[2017-01-05 10:06:16] EDIT app3/views/layout.html: 0
[2017-01-05 10:06:48] EDIT app3/views/layout.html: 0
[2017-01-05 10:07:30] EDIT app3/static/css/web2py-bootstrap3.css: 0
[2017-01-05 10:09:23] EDIT app3/static/css/web2py-bootstrap3.css: -175
[2017-01-05 10:09:38] EDIT app3/static/css/web2py-bootstrap3.css: -13
[2017-01-05 10:14:59] EDIT app3/static/css/web2py-bootstrap3.css: 0
[2017-01-05 10:19:43] EDIT app3/static/css/web2py-bootstrap3.css: 11
[2017-01-05 10:20:34] EDIT app3/static/css/web2py-bootstrap3.css: 0
[2017-01-05 10:21:09] EDIT app3/static/css/web2py-bootstrap3.css: 0
[2017-01-05 10:29:37] EDIT app3/views/layout.html: 5
[2017-01-05 10:30:29] EDIT app3/static/css/web2py-bootstrap3.css: 59
[2017-01-05 10:37:22] EDIT app3/static/css/web2py-bootstrap3.css: -59
[2017-01-05 10:37:36] EDIT app3/views/layout.html: -5
[2017-01-05 10:43:31] EDIT app3/static/css/web2py-bootstrap3.css: 3
[2017-01-05 10:43:50] EDIT app3/static/css/web2py-bootstrap3.css: 0
[2017-01-05 10:43:59] EDIT app3/static/css/web2py-bootstrap3.css: 1
[2017-01-05 10:45:10] EDIT app3/static/css/web2py-bootstrap3.css: 3
[2017-01-05 10:45:54] EDIT app3/static/css/web2py-bootstrap3.css: 0
[2017-01-05 10:47:08] EDIT app3/static/css/web2py-bootstrap3.css: 3
[2017-01-05 10:48:02] EDIT app3/static/css/web2py-bootstrap3.css: 0
[2017-01-05 10:51:13] EDIT app3/static/css/web2py-bootstrap3.css: 0
[2017-01-05 10:51:48] EDIT app3/static/css/web2py-bootstrap3.css: 0
[2017-01-05 10:52:13] EDIT app3/static/css/web2py-bootstrap3.css: 0
[2017-01-05 10:52:38] EDIT app3/static/css/web2py-bootstrap3.css: 0
[2017-01-05 10:54:33] EDIT app3/static/css/web2py-bootstrap3.css: 3
[2017-01-05 10:55:57] EDIT app3/static/css/web2py-bootstrap3.css: 3
[2017-01-05 11:00:55] EDIT app3/static/css/web2py-bootstrap3.css: 4
[2017-01-05 11:02:06] EDIT app3/static/css/web2py-bootstrap3.css: 7
[2017-01-05 11:03:35] EDIT app3/static/css/web2py-bootstrap3.css: 0
[2017-01-05 11:07:32] EDIT app3/views/layout.html: 0
[2017-01-05 11:08:18] EDIT app3/views/layout.html: 0
[2017-01-05 11:09:38] EDIT app3/views/layout.html: 0
[2017-01-05 11:10:28] EDIT app3/views/default/companies.html: 0
[2017-01-05 11:10:45] EDIT app3/views/default/people.html: 0
[2017-01-05 11:11:02] EDIT app3/views/default/products.html: 0
[2017-01-05 11:11:22] EDIT app3/views/default/magazine.html: 0
[2017-01-05 11:13:12] EDIT app3/views/layout.html: 0
[2017-01-05 11:16:01] EDIT app3/views/layout.html: 0
[2017-01-05 11:16:52] EDIT app3/views/layout.html: 0
[2017-01-05 11:17:26] EDIT app3/views/layout.html: 0
[2017-01-05 11:22:14] EDIT app3/views/default/user.html: 71
[2017-01-05 11:29:06] EDIT app3/views/default/user.html: 0
[2017-01-05 11:29:39] EDIT app3/views/default/user.html: 1
[2017-01-05 11:30:24] EDIT app3/views/default/user.html: 0
[2017-01-05 11:32:24] EDIT app3/views/default/user.html: 0
[2017-01-05 11:33:27] EDIT app3/views/default/user.html: 1
[2017-01-05 11:34:44] EDIT app3/views/default/user.html: -8
[2017-01-05 11:36:21] EDIT app3/views/default/user.html: 2
[2017-01-05 11:37:27] EDIT app3/views/default/user.html: -10
[2017-01-05 11:38:19] EDIT app3/views/default/user.html: 0
[2017-01-05 11:39:11] EDIT app3/views/default/user.html: 0
[2017-01-05 11:39:43] EDIT app3/views/default/user.html: 9
[2017-01-05 11:40:05] EDIT app3/views/default/user.html: -17
[2017-01-05 11:40:19] EDIT app3/views/default/user.html: 0
[2017-01-05 11:40:39] EDIT app3/views/default/user.html: -11
[2017-01-05 11:41:17] EDIT app3/views/default/user.html: 0
[2017-01-05 11:42:12] EDIT app3/views/default/user.html: -18
[2017-01-05 11:42:43] EDIT app3/views/default/user.html: -1
[2017-01-05 11:42:57] EDIT app3/views/default/user.html: 0
[2017-01-05 11:43:06] EDIT app3/views/default/user.html: 0
[2017-01-05 11:43:19] EDIT app3/views/default/user.html: 0
[2017-01-05 11:43:46] EDIT app3/views/default/user.html: 0
[2017-01-05 11:44:16] EDIT app3/views/default/user.html: 0
[2017-01-05 11:44:35] EDIT app3/views/default/user.html: 0
[2017-01-05 11:46:14] EDIT app3/views/default/user.html: 0
[2017-01-05 11:47:11] EDIT app3/views/default/user.html: 4
[2017-01-05 11:50:48] EDIT app3/static/css/web2py-bootstrap3.css: 21
[2017-01-05 11:51:02] EDIT app3/views/default/user.html: -23
[2017-01-05 11:51:44] EDIT app3/views/default/index.html: 0
[2017-01-05 11:52:52] EDIT app3/views/default/user.html: 0
[2017-01-05 11:53:27] EDIT app3/static/css/web2py-bootstrap3.css: 5
[2017-01-05 11:53:34] EDIT app3/views/default/index.html: -5
[2017-01-05 11:53:54] EDIT app3/views/default/index.html: -2
[2017-01-05 11:54:09] EDIT app3/static/css/web2py-bootstrap3.css: 0
[2017-01-05 11:55:45] EDIT app3/views/default/user.html: 19
[2017-01-05 11:55:58] EDIT app3/static/css/web2py-bootstrap3.css: -17
[2017-01-05 11:56:46] EDIT app3/views/default/index.html: 7
[2017-01-05 11:56:56] EDIT app3/static/css/web2py-bootstrap3.css: -5
[2017-01-05 11:57:11] EDIT app3/views/default/index.html: -7
[2017-01-05 11:57:19] EDIT app3/static/css/web2py-bootstrap3.css: 5
[2017-01-05 12:00:31] EDIT app3/views/default/user.html: 2
[2017-01-05 12:01:10] EDIT app3/views/default/user.html: 0
[2017-01-05 12:01:51] EDIT app3/views/default/user.html: -2
[2017-01-05 12:02:27] EDIT app3/views/default/user.html: 0
[2017-01-05 12:03:01] EDIT app3/views/default/user.html: 0
[2017-01-05 12:04:08] EDIT app3/views/layout.html: 0
[2017-01-05 12:04:31] EDIT app3/views/default/user.html: 0
[2017-01-05 12:05:20] EDIT app3/views/layout.html: 0
[2017-01-05 12:05:43] EDIT app3/views/layout.html: 0
[2017-01-05 14:05:40] EDIT app3/views/default/user.html: 4
[2017-01-05 14:05:54] EDIT app3/static/css/web2py-bootstrap3.css: -4
[2017-01-05 14:06:55] EDIT app3/views/default/index.html: 6
[2017-01-05 14:14:06] EDIT app3/views/default/companies.html: 38
[2017-01-05 14:15:52] EDIT app3/views/default/companies.html: 38
[2017-01-05 14:17:36] EDIT app3/views/default/companies.html: -36
[2017-01-05 14:18:29] EDIT app3/views/default/companies.html: 0
[2017-01-05 14:18:49] EDIT app3/views/default/companies.html: -2
[2017-01-05 14:19:02] EDIT app3/views/default/companies.html: -36
[2017-01-05 14:21:46] EDIT app3/views/default/companies.html: 8
[2017-01-05 14:22:00] EDIT app3/views/default/companies.html: -2
[2017-01-05 14:24:19] EDIT app3/views/default/companies.html: 7
[2017-01-05 14:24:46] EDIT app3/views/default/companies.html: 0
[2017-01-05 14:27:13] EDIT app3/views/default/companies.html: 8
[2017-01-05 14:30:31] EDIT app3/views/default/companies.html: -20
[2017-01-05 14:31:01] EDIT app3/views/default/companies.html: -1
[2017-01-05 14:32:55] EDIT app3/views/default/companies.html: 166
[2017-01-05 14:33:24] EDIT app3/views/default/companies.html: -166
[2017-01-05 14:40:33] EDIT app3/views/default/companies.html: 2
[2017-01-05 14:41:54] EDIT app3/views/default/companies.html: 19
[2017-01-05 14:42:22] EDIT app3/views/default/companies.html: 74
[2017-01-05 14:43:26] EDIT app3/views/default/companies.html: -62
[2017-01-05 14:43:52] EDIT app3/views/default/companies.html: -35
[2017-01-05 15:27:53] EDIT app3/views/default/companies.html: 23
[2017-01-05 15:28:37] EDIT app3/views/default/companies.html: 0
[2017-01-05 15:28:58] EDIT app3/views/default/companies.html: 0
[2017-01-05 15:29:24] EDIT app3/views/default/companies.html: -1
[2017-01-05 15:31:21] EDIT app3/views/default/companies.html: -1
[2017-01-05 15:34:01] EDIT app3/views/default/companies.html: 1
[2017-01-05 15:34:27] EDIT app3/views/default/companies.html: 0
[2017-01-05 15:34:44] EDIT app3/views/default/companies.html: -1
[2017-01-05 17:22:34] EDIT app3/views/default/companies.html: -21
[2017-01-05 17:45:33] EDIT app3/views/default/companies.html: 0
[2017-01-05 17:46:05] EDIT app3/views/default/companies.html: 0
[2017-01-05 17:59:40] EDIT app3/views/default/companies.html: 116
[2017-01-05 18:00:10] EDIT app3/views/default/companies.html: -12
[2017-01-05 18:00:36] EDIT app3/views/default/companies.html: -104
[2017-01-05 18:25:31] EDIT app3/views/default/companies.html: 1
[2017-01-05 18:26:54] EDIT app3/views/default/companies.html: 0
[2017-01-05 18:27:09] EDIT app3/views/default/companies.html: 1
[2017-01-05 18:27:45] EDIT app3/views/default/companies.html: 6
[2017-01-05 18:29:26] EDIT app3/views/default/companies.html: 0
[2017-01-05 18:30:07] EDIT app3/views/default/companies.html: 0
[2017-01-05 18:30:19] EDIT app3/views/default/companies.html: 0
[2017-01-05 18:30:53] EDIT app3/views/default/companies.html: 0
[2017-01-05 18:31:03] EDIT app3/views/default/companies.html: 0
[2017-01-05 18:31:27] EDIT app3/views/default/companies.html: 0
[2017-01-05 18:33:35] EDIT app3/views/default/magazine.html: 8
[2017-01-05 18:36:37] EDIT app3/views/default/companies.html: -8
[2017-01-05 18:36:52] EDIT app3/views/default/magazine.html: -8
[2017-01-05 18:38:32] EDIT app3/views/default/people.html: -2
[2017-01-05 18:39:03] EDIT app3/views/default/people.html: 1
[2017-01-05 18:39:41] EDIT app3/views/default/products.html: 6
[2017-01-05 18:41:33] EDIT app3/views/default/products.html: 2
[2017-01-06 05:41:54] EDIT app3/views/default/profile.html: 0
[2017-01-06 05:42:39] EDIT app3/views/default/profile.html: 0
[2017-01-06 05:46:01] EDIT app3/views/default/profile.html: 0
[2017-01-06 05:46:44] EDIT app3/views/default/profile.html: 0
[2017-01-06 05:47:14] EDIT app3/views/default/profile.html: 0
[2017-01-06 05:47:39] EDIT app3/views/default/profile.html: 0
[2017-01-06 05:51:30] EDIT app3/views/default/profile.html: 0
[2017-01-06 06:03:14] EDIT app3/views/default/profile.html: 43
[2017-01-06 06:04:05] EDIT app3/views/default/profile.html: 0
[2017-01-06 06:05:56] EDIT app3/views/default/profile.html: 2
[2017-01-06 06:06:49] EDIT app3/views/default/profile.html: 0
[2017-01-06 06:07:09] EDIT app3/views/default/profile.html: 0
[2017-01-06 06:07:26] EDIT app3/views/default/profile.html: 0
[2017-01-06 06:08:52] EDIT app3/views/default/profile.html: 0
[2017-01-06 06:09:10] EDIT app3/views/default/profile.html: 0
[2017-01-06 06:13:15] EDIT app3/views/default/profile.html: -45
[2017-01-06 06:14:51] EDIT app3/views/default/profile.html: 0
[2017-01-06 06:15:14] EDIT app3/views/default/profile.html: 0
[2017-01-06 06:15:27] EDIT app3/views/default/profile.html: 0
[2017-01-06 06:16:06] EDIT app3/views/default/profile.html: 0
[2017-01-06 06:16:46] EDIT app3/views/default/profile.html: 0
[2017-01-06 06:18:57] EDIT app3/views/default/profile.html: 0
[2017-01-06 06:19:10] EDIT app3/views/default/profile.html: 0
[2017-01-06 06:35:21] EDIT app3/views/layout.html: 2
[2017-01-06 06:38:13] EDIT app3/views/layout.html: -2
[2017-01-06 06:48:08] EDIT app3/views/default/edit.html: 2
[2017-01-06 06:50:21] EDIT app3/views/default/edit.html: -2
[2017-01-06 06:50:28] EDIT app3/views/default/profile.html: 0
[2017-01-06 06:50:39] EDIT app3/views/layout.html: 3
[2017-01-06 06:51:02] EDIT app3/views/default/edit.html: 2
[2017-01-06 06:51:25] EDIT app3/views/default/edit.html: -2
[2017-01-06 06:51:54] EDIT app3/views/layout.html: -3
[2017-01-07 11:45:36] EDIT app3/views/default/companies.html: 5
[2017-01-07 11:46:05] EDIT app3/views/default/companies.html: 1
[2017-01-07 11:46:18] EDIT app3/views/default/companies.html: 0
[2017-01-07 11:49:44] EDIT app3/views/default/magazine.html: 13
[2017-01-07 11:50:50] EDIT app3/views/default/magazine.html: -2
[2017-01-07 11:50:57] EDIT app3/views/default/magazine.html: 0
[2017-01-07 11:52:35] EDIT app3/views/default/people.html: 9
[2017-01-07 11:53:33] EDIT app3/views/default/magazine.html: 0
[2017-01-07 11:54:00] EDIT app3/views/default/people.html: 2
[2017-01-07 11:54:55] EDIT app3/views/default/products.html: -1
[2017-01-07 11:55:01] EDIT app3/views/default/products.html: -6
[2017-01-07 11:55:08] EDIT app3/views/default/people.html: -7
[2017-01-07 11:55:15] EDIT app3/views/default/magazine.html: -6
[2017-01-07 11:55:40] EDIT app3/views/default/products.html: 0
[2017-01-07 11:56:19] EDIT app3/views/default/products.html: -3
[2017-01-07 11:56:53] EDIT app3/views/default/products.html: 2
[2017-01-07 11:57:10] EDIT app3/views/default/magazine.html: -2
[2017-01-07 11:58:53] EDIT app3/views/default/products.html: 2
[2017-01-07 11:59:17] EDIT app3/views/default/products.html: 1
[2017-01-07 12:00:31] EDIT app3/views/default/products.html: 0
[2017-01-07 13:25:05] EDIT app3/controllers/appadmin.py: 0
[2017-01-07 13:25:44] EDIT app3/controllers/appadmin.py: 0
[2017-01-07 13:27:25] EDIT app3/models/db.py: 3
[2017-01-07 13:28:46] EDIT app3/views/appadmin.html: 40
[2017-01-07 13:29:07] EDIT app3/views/default/create.html: 39
[2017-01-07 13:29:18] EDIT app3/views/default/edit.html: 39
[2017-01-07 13:30:26] EDIT app3/views/layout.html: 1
[2017-01-07 13:33:07] EDIT app3/controllers/default.py: 7
[2017-01-07 13:33:33] EDIT app3/controllers/default.py: 0
[2017-01-07 13:34:24] EDIT app3/modules/app2_module.py: 3
[2017-01-07 13:35:27] CREATE default/upload.html: 0
[2017-01-07 13:35:32] EDIT app3/views/default/upload.html: 11
[2017-01-07 13:37:09] EDIT app3/views/default/product.html: 0
[2017-01-07 13:37:39] EDIT app3/views/default/profile.html: 0
[2017-01-07 13:38:15] EDIT app3/static/js/main.js: 1
[2017-01-07 13:38:33] EDIT app3/views/default/products.html: 0
[2017-01-07 13:38:54] EDIT app3/views/default/profile.html: 0
[2017-01-07 13:40:00] EDIT app3/views/default/products.html: 0
[2017-01-07 13:55:56] EDIT app3/views/default/profile.html: 0
[2017-01-07 15:01:11] EDIT app3/views/default/company.html: 0
[2017-01-07 15:01:28] EDIT app3/views/default/person.html: 0
[2017-01-07 15:01:43] EDIT app3/views/default/product.html: 0
[2017-01-07 15:02:27] EDIT app3/views/default/person.html: 0
[2017-01-07 15:02:53] EDIT app3/views/default/company.html: 0
[2017-01-07 15:04:53] EDIT app3/views/default/companies.html: -7
[2017-01-07 15:05:03] EDIT app3/views/default/companies.html: 0
[2017-01-07 15:05:27] EDIT app3/views/default/article.html: 0
[2017-01-07 15:06:35] EDIT app3/views/default/article.html: 0
[2017-01-07 15:06:55] EDIT app3/views/default/article.html: 0
[2017-01-07 15:07:15] EDIT app3/views/default/product.html: 0
[2017-01-07 15:07:29] EDIT app3/views/default/person.html: 0
[2017-01-07 15:07:38] EDIT app3/views/default/company.html: 0
[2017-01-07 15:07:54] EDIT app3/views/default/companies.html: 0
[2017-01-07 15:09:36] EDIT app3/views/default/people.html: 0
[2017-01-07 15:10:39] EDIT app3/views/default/products.html: -3
[2017-01-07 15:13:43] EDIT app3/views/default/magazine.html: -5
[2017-01-08 10:46:03] EDIT app3/views/default/upload.html: 6
[2017-01-08 10:46:45] EDIT app3/views/default/upload.html: 0
[2017-01-08 10:47:31] EDIT app3/views/default/edit.html: 6
[2017-01-08 10:48:21] EDIT app3/static/css/web2py-bootstrap3.css: 4
[2017-01-08 10:48:44] EDIT app3/views/default/edit.html: -6
[2017-01-08 10:48:57] EDIT app3/views/default/upload.html: -6
[2017-01-08 10:49:10] EDIT app3/views/default/user.html: -4
[2017-01-08 10:50:33] EDIT app3/views/default/index.html: -6
[2017-01-08 10:51:05] EDIT app3/views/default/index.html: -1
[2017-01-08 10:51:30] DELETE app3/views/default/index.html.1: -17
[2017-01-09 06:12:48] EDIT app3/static/css/web2py-bootstrap3.css: 14
[2017-01-09 06:13:49] EDIT app3/static/css/web2py-bootstrap3.css: 0
[2017-01-09 06:14:25] EDIT app3/views/default/companies.html: -1
[2017-01-09 06:14:38] EDIT app3/views/default/products.html: -1
[2017-01-09 06:14:52] EDIT app3/views/default/people.html: -1
[2017-01-09 06:15:06] EDIT app3/views/default/magazine.html: -1
[2017-01-09 06:15:28] EDIT app3/views/default/people.html: 0
[2017-01-09 08:04:43] EDIT app3/views/default/products.html: 1
[2017-01-09 08:05:25] EDIT app3/views/default/products.html: 0
[2017-01-09 08:05:56] EDIT app3/views/default/products.html: 0
[2017-01-09 08:08:31] EDIT app3/views/default/products.html: -1
[2017-01-09 08:09:07] EDIT app3/views/default/products.html: 0
[2017-01-09 08:09:30] EDIT app3/views/default/products.html: 0
[2017-01-09 08:09:51] EDIT app3/static/css/web2py-bootstrap3.css: 1
[2017-01-09 08:10:53] EDIT app3/static/css/web2py-bootstrap3.css: -1
[2017-01-09 08:11:10] EDIT app3/views/default/products.html: 0
[2017-01-09 08:11:59] EDIT app3/views/default/products.html: 0
[2017-01-09 08:14:28] EDIT app3/views/default/products.html: 1
[2017-01-09 08:16:37] EDIT app3/views/default/products.html: 0
[2017-01-09 08:17:04] EDIT app3/views/default/products.html: 0
[2017-01-09 08:17:59] EDIT app3/static/css/web2py-bootstrap3.css: 1
[2017-01-09 08:20:15] EDIT app3/static/css/web2py-bootstrap3.css: 0
[2017-01-09 08:20:25] EDIT app3/static/css/web2py-bootstrap3.css: 0
[2017-01-09 08:21:51] EDIT app3/static/css/web2py-bootstrap3.css: 0
[2017-01-09 08:22:01] EDIT app3/static/css/web2py-bootstrap3.css: 0
[2017-01-09 08:30:33] EDIT app3/static/css/web2py-bootstrap3.css: -1
[2017-01-09 08:31:36] EDIT app3/static/css/web2py-bootstrap3.css: 0
[2017-01-09 08:31:55] EDIT app3/static/css/web2py-bootstrap3.css: 0
[2017-01-09 08:32:22] EDIT app3/static/css/web2py-bootstrap3.css: 0
[2017-01-09 08:40:33] EDIT app3/static/css/web2py-bootstrap3.css: 0
[2017-01-09 08:58:40] EDIT app3/views/default/profile.html: 3
[2017-01-09 08:59:18] EDIT app3/views/default/profile.html: 0
[2017-01-09 08:59:45] EDIT app3/views/default/profile.html: 0
[2017-01-09 09:00:07] EDIT app3/views/default/profile.html: 0
[2017-01-09 09:00:44] EDIT app3/views/default/profile.html: -3
[2017-01-09 09:01:44] EDIT app3/views/default/profile.html: 0
[2017-01-09 09:02:20] EDIT app3/views/default/profile.html: 0
[2017-01-09 09:03:04] EDIT app3/views/default/profile.html: 0
[2017-01-09 09:03:30] EDIT app3/views/default/profile.html: 0
[2017-01-09 09:03:44] EDIT app3/views/default/profile.html: 0
[2017-01-09 09:03:55] EDIT app3/views/default/profile.html: 0
[2017-01-09 09:11:07] EDIT app3/static/css/web2py-bootstrap3.css: 10
[2017-01-09 09:11:18] EDIT app3/views/default/profile.html: -12
[2017-01-09 09:11:56] EDIT app3/static/css/web2py-bootstrap3.css: 0
[2017-01-09 09:12:02] EDIT app3/static/css/web2py-bootstrap3.css: 0
[2017-01-09 09:12:47] EDIT app3/static/css/web2py-bootstrap3.css: -10
[2017-01-09 09:13:06] EDIT app3/views/default/profile.html: 12
[2017-01-09 09:14:16] EDIT app3/views/default/profile.html: 0
[2017-01-09 09:14:33] EDIT app3/views/default/profile.html: -12
[2017-01-09 09:14:44] EDIT app3/views/default/profile.html: 12
[2017-01-09 09:17:41] EDIT app3/views/default/profile.html: 3
[2017-01-09 09:18:05] EDIT app3/views/default/profile.html: -3
[2017-01-09 09:19:32] EDIT app3/views/default/companies.html: -3
[2017-01-09 11:11:37] EDIT app3/views/default/profile.html: 9
[2017-01-09 11:12:26] EDIT app3/views/default/profile.html: -2
[2017-01-09 11:13:01] EDIT app3/views/default/profile.html: -4
[2017-01-09 11:13:59] EDIT app3/views/default/profile.html: 0
[2017-01-09 11:14:14] EDIT app3/views/default/profile.html: 0
[2017-01-09 11:14:36] EDIT app3/views/default/profile.html: -8
[2017-01-09 11:14:48] EDIT app3/views/default/profile.html: 1
[2017-01-09 11:15:11] EDIT app3/views/default/profile.html: -7
[2017-01-09 11:19:48] EDIT app3/views/default/profile.html: 7
[2017-01-09 11:20:00] EDIT app3/views/default/profile.html: 0
[2017-01-09 11:20:23] EDIT app3/views/default/profile.html: -4
[2017-01-09 11:21:11] EDIT app3/views/default/profile.html: 1
[2017-01-09 11:25:28] EDIT app3/views/default/profile.html: 0
[2017-01-09 11:26:08] EDIT app3/views/default/profile.html: 0
[2017-01-09 11:29:16] EDIT app3/views/default/profile.html: 2
[2017-01-09 11:29:45] EDIT app3/views/default/profile.html: 0
[2017-01-09 11:30:17] EDIT app3/views/default/profile.html: 0
[2017-01-10 12:00:20] EDIT app3/static/css/bootstrap.min.css: 0
[2017-01-10 12:01:51] EDIT app3/views/default/profile.html: 0
[2017-01-10 12:02:15] EDIT app3/views/default/profile.html: 0
[2017-01-11 11:36:49] EDIT app3/views/default/product.html: 0
[2017-01-11 11:37:24] EDIT app3/views/default/product.html: 0
[2017-01-11 11:38:06] EDIT app3/views/default/product.html: 1
[2017-01-11 11:39:51] EDIT app3/views/default/product.html: 3
[2017-01-11 11:40:06] EDIT app3/views/default/product.html: 0
[2017-01-11 11:40:30] EDIT app3/views/default/product.html: 0
[2017-01-11 11:41:58] EDIT app3/views/default/product.html: 0
[2017-01-11 11:45:01] EDIT app3/static/js/main.js: 0
[2017-01-11 11:45:40] EDIT app3/views/default/products.html: 0
[2017-01-11 11:46:51] DELETE app3/views/default/products.html.1: -37
[2017-01-11 11:47:16] EDIT app3/views/default/products.html: 0
[2017-01-11 11:53:52] EDIT app3/static/js/main.js: 0
[2017-01-11 11:54:05] EDIT app3/views/default/products.html: 0
[2017-01-11 11:55:20] EDIT app3/views/default/products.html: 0
[2017-01-12 09:31:50] EDIT app3/controllers/default.py: 0
[2017-01-12 12:37:06] EDIT app3/views/default/products.html: 0
[2017-01-12 14:18:55] EDIT app3/views/default/products.html: 0
[2017-01-12 14:19:17] EDIT app3/views/default/products.html: 0
[2017-01-12 14:19:33] EDIT app3/views/default/products.html: 0
[2017-01-12 14:19:47] EDIT app3/views/default/products.html: 0
[2017-01-12 14:20:12] EDIT app3/views/default/products.html: 0
[2017-01-12 14:24:25] EDIT app3/views/default/products.html: 0
[2017-01-12 14:31:43] EDIT app3/views/default/products.html: -1
[2017-01-12 14:32:10] EDIT app3/views/default/products.html: 0
[2017-01-13 16:29:06] EDIT app3/static/css/bootstrap.min.css: 0
[2017-01-13 16:32:33] EDIT app3/static/css/bootstrap.min.css: 0
[2017-01-13 16:34:48] EDIT app3/views/layout.html: 1
[2017-01-13 16:35:28] EDIT app3/views/layout.html: 3
[2017-01-13 16:36:11] EDIT app3/views/layout.html: -3
[2017-01-13 16:37:40] EDIT app3/views/layout.html: -1
[2017-01-13 17:37:16] EDIT app3/views/default/index.html: 52
[2017-01-13 17:38:30] EDIT app3/views/default/index.html: 85
[2017-01-13 17:38:55] EDIT app3/views/default/index.html: -1
[2017-01-13 17:39:39] EDIT app3/views/default/index.html: 0
[2017-01-13 17:40:19] EDIT app3/views/default/index.html: 0
[2017-01-13 17:40:52] EDIT app3/controllers/default.py: 1
[2017-01-13 17:41:31] EDIT app3/controllers/default.py: 0
[2017-01-13 17:42:31] EDIT app3/views/default/index.html: -2
[2017-01-13 17:42:47] EDIT app3/views/default/index.html: 0
[2017-01-13 17:43:21] EDIT app3/views/default/index.html: 0
[2017-01-13 17:43:32] EDIT app3/views/default/index.html: 0
[2017-01-13 17:46:13] EDIT app3/views/default/index.html: 0
[2017-01-13 17:47:21] EDIT app3/views/default/index.html: 15
[2017-01-13 17:49:12] EDIT app3/controllers/default.py: 3
[2017-01-13 17:49:45] EDIT app3/views/default/index.html: -2
[2017-01-13 17:50:35] EDIT app3/views/default/index.html: -4
[2017-01-13 17:51:15] EDIT app3/static/css/web2py-bootstrap3.css: 83
[2017-01-13 17:51:29] EDIT app3/views/default/index.html: -85
[2017-01-13 17:51:49] EDIT app3/static/css/web2py-bootstrap3.css: 0
[2017-01-13 17:52:30] EDIT app3/static/css/web2py-bootstrap3.css: -83
[2017-01-13 17:52:41] EDIT app3/views/default/index.html: 85
[2017-01-13 17:53:45] EDIT app3/views/default/index.html: -143
[2017-01-13 17:54:13] EDIT app3/controllers/default.py: 0
[2017-01-17 11:57:06] EDIT app3/views/default/people.html: 1
[2017-01-17 11:58:35] EDIT app3/views/default/people.html: 6
[2017-01-17 11:58:59] EDIT app3/views/default/people.html: 1
[2017-01-17 11:59:13] EDIT app3/views/default/people.html: 0
[2017-01-17 11:59:26] EDIT app3/views/default/people.html: 0
[2017-01-17 12:01:28] EDIT app3/views/default/people.html: 0
[2017-01-17 12:02:02] EDIT app3/views/default/people.html: -8
[2017-01-17 17:06:50] EDIT app3/static/js/main.js: 180
[2017-01-17 17:08:56] EDIT app3/static/js/main.js: -4
[2017-01-17 17:09:12] EDIT app3/views/default/magazine.html: -21
[2017-01-17 17:09:31] EDIT app3/views/default/companies.html: -19
[2017-01-17 17:09:51] EDIT app3/views/default/products.html: -34
[2017-01-17 17:10:23] EDIT app3/views/default/people.html: -23
[2017-01-17 17:12:15] EDIT app3/static/js/main.js: 0
[2017-01-17 17:13:33] EDIT app3/static/js/main.js: 0
[2017-01-17 17:14:53] EDIT app3/static/js/main.js: 0
[2017-01-17 17:17:23] EDIT app3/static/js/main.js: 0
[2017-01-17 17:23:01] EDIT app3/static/js/main.js: 0
[2017-01-17 17:25:35] EDIT app3/static/js/main.js: 0
[2017-01-17 17:26:40] EDIT app3/static/js/main.js: 1
[2017-01-17 17:28:17] EDIT app3/static/js/main.js: -55
[2017-01-17 17:39:29] EDIT app3/static/js/main.js: 0
[2017-01-17 17:41:05] EDIT app3/static/js/main.js: 6
[2017-01-17 17:42:01] EDIT app3/static/js/main.js: -8
[2017-01-17 17:42:52] EDIT app3/static/js/main.js: 1
[2017-01-17 17:43:23] EDIT app3/static/js/main.js: 1
[2017-01-17 17:44:35] EDIT app3/static/js/main.js: 5
[2017-01-17 17:45:31] EDIT app3/static/js/main.js: -7
[2017-01-17 17:46:56] EDIT app3/static/js/main.js: 10
[2017-01-17 17:48:00] EDIT app3/static/js/main.js: -8
[2017-01-17 17:48:48] EDIT app3/views/default/products.html: 0
[2017-01-17 17:48:57] EDIT app3/views/default/companies.html: 0
[2017-01-17 17:49:06] EDIT app3/views/default/people.html: 0
[2017-01-17 17:49:12] EDIT app3/views/default/magazine.html: 0
[2017-01-17 18:50:35] EDIT app3/static/js/main.js: 1
[2017-01-17 18:50:43] EDIT app3/static/js/main.js: 0
[2017-01-17 18:50:59] EDIT app3/static/js/main.js: 1
[2017-01-17 18:51:06] EDIT app3/static/js/main.js: 0
[2017-01-17 18:51:36] EDIT app3/static/js/main.js: -1
[2017-01-17 18:51:43] EDIT app3/static/js/main.js: 0
[2017-01-17 18:51:58] EDIT app3/static/js/main.js: 0
[2017-01-17 18:52:00] EDIT app3/static/js/main.js: 0
[2017-01-17 18:54:20] EDIT app3/static/js/main.js: 0
[2017-01-18 04:30:43] EDIT app3/static/js/main.js: -32
[2017-01-18 04:31:51] EDIT app3/static/js/main.js: -22
[2017-01-18 04:32:24] EDIT app3/static/js/main.js: -18
[2017-01-18 04:32:52] EDIT app3/static/js/main.js: -17
[2017-01-18 04:37:31] EDIT app3/static/js/main.js: 18
[2017-01-18 04:39:00] EDIT app3/static/js/main.js: -16
[2017-01-18 04:39:36] EDIT app3/static/js/main.js: -89
[2017-01-18 04:54:45] EDIT app3/static/js/main.js: 1
[2017-01-18 04:56:14] EDIT app3/static/js/main.js: 1
[2017-01-18 04:56:59] EDIT app3/static/js/main.js: -1
[2017-01-18 04:57:47] EDIT app3/static/js/main.js: 1
[2017-01-18 05:06:27] EDIT app3/static/js/main.js: -2
[2017-01-18 05:53:01] EDIT app3/views/default/magazine.html: 6
[2017-01-18 05:54:33] EDIT app3/static/js/main.js: 2
[2017-01-18 05:55:08] EDIT app3/static/js/main.js: -2
[2017-01-18 05:55:52] EDIT app3/views/default/magazine.html: -6
[2017-01-18 05:59:38] EDIT app3/static/js/main.js: 0
[2017-01-18 06:00:23] EDIT app3/static/js/main.js: 71
[2017-01-18 06:00:45] EDIT app3/static/js/main.js: 0
[2017-01-18 06:01:35] EDIT app3/static/js/main.js: -71
[2017-01-18 08:23:10] EDIT app3/controllers/default.py: 0
[2017-01-18 08:24:43] EDIT app3/controllers/default.py: 0
[2017-01-18 08:34:34] EDIT app3/controllers/default.py: 0
[2017-01-18 08:43:25] EDIT app3/controllers/default.py: 0
[2017-01-18 08:43:44] EDIT app3/controllers/default.py: 0
[2017-01-18 08:43:51] EDIT app3/controllers/default.py: 0
[2017-01-18 08:47:18] EDIT app3/controllers/default.py: 0
[2017-01-18 08:53:36] EDIT app3/controllers/default.py: -4
[2017-01-18 11:24:29] EDIT app3/views/layout.html: 0
[2017-01-18 12:07:25] EDIT app3/controllers/default.py: 0
[2017-01-18 12:08:28] EDIT app3/controllers/default.py: 0
[2017-01-18 12:30:51] EDIT app3/static/css/web2py-bootstrap3.css: -274
[2017-01-18 13:51:19] EDIT app3/static/js/main.js: 67
[2017-01-18 13:51:26] EDIT app3/static/js/main.js: -4
[2017-01-18 13:52:19] EDIT app3/views/default/companies.html: 1
[2017-01-18 13:53:11] EDIT app3/views/default/people.html: 1
[2017-01-18 13:53:28] EDIT app3/views/default/magazine.html: 1
[2017-01-18 13:53:51] EDIT app3/views/default/products.html: 1
[2017-01-18 13:54:10] EDIT app3/views/default/products.html: 2
[2017-01-18 13:55:57] EDIT app3/static/js/main.js: -3
[2017-01-18 13:59:04] EDIT app3/static/js/main.js: 3
[2017-01-18 14:00:34] EDIT app3/static/js/main.js: -4
[2017-01-18 14:02:43] EDIT app3/static/js/main.js: 0
[2017-01-18 14:04:05] EDIT app3/static/js/main.js: 0
[2017-01-18 14:06:44] EDIT app3/static/js/main.js: 4
[2017-01-18 14:08:35] EDIT app3/static/js/main.js: 0
[2017-01-18 14:09:12] EDIT app3/static/js/main.js: 1
[2017-01-18 14:09:31] EDIT app3/static/js/main.js: 0
[2017-01-18 14:09:59] EDIT app3/static/js/main.js: -64
[2017-01-18 14:10:12] EDIT app3/views/default/products.html: -3
[2017-01-18 14:10:21] EDIT app3/views/default/magazine.html: -1
[2017-01-18 14:10:33] EDIT app3/views/default/people.html: -1
[2017-01-18 14:10:43] EDIT app3/views/default/companies.html: -1
[2017-01-18 21:44:44] EDIT app3/views/default/companies.html: 2
[2017-01-18 21:45:07] EDIT app3/views/default/magazine.html: 2
[2017-01-18 21:45:29] EDIT app3/views/default/people.html: 2
[2017-01-18 21:45:47] EDIT app3/views/default/products.html: 2
[2017-01-18 21:46:29] EDIT app3/static/js/main.js: 58
[2017-01-18 21:46:51] EDIT app3/static/js/main.js: 0
[2017-01-18 21:47:40] EDIT app3/static/js/main.js: -58
[2017-01-19 17:11:55] EDIT app3/controllers/default.py: 0
[2017-01-19 17:13:47] EDIT app3/controllers/default.py: 0
[2017-01-19 17:14:10] EDIT app3/static/js/main.js: 0
[2017-01-19 17:14:31] EDIT app3/static/js/main.js: 0
[2017-01-19 17:15:08] EDIT app3/static/js/main.js: 0
[2017-01-19 17:16:12] EDIT app3/static/js/main.js: 0
[2017-01-19 17:17:04] EDIT app3/static/js/main.js: 0
[2017-01-19 17:25:40] EDIT app3/controllers/default.py: 0
[2017-01-19 17:26:39] EDIT app3/controllers/default.py: 0
[2017-01-19 17:27:45] EDIT app3/controllers/default.py: 0
[2017-01-19 17:28:46] EDIT app3/controllers/default.py: 0
[2017-01-19 17:29:12] EDIT app3/controllers/default.py: 0
[2017-01-19 17:29:45] EDIT app3/controllers/default.py: 0
[2017-01-19 17:33:37] EDIT app3/controllers/default.py: 1
[2017-01-19 17:34:31] EDIT app3/controllers/default.py: 1
[2017-01-19 17:39:48] EDIT app3/controllers/default.py: 0
[2017-01-21 16:57:25] EDIT app3/controllers/default.py: 0
[2017-01-21 17:00:43] EDIT app3/controllers/default.py: 0
[2017-01-21 18:24:00] EDIT app3/views/default/magazine.html: 0
[2017-01-21 18:26:53] EDIT app3/views/default/magazine.html: 19
[2017-01-21 18:26:59] EDIT app3/views/default/magazine.html: 0
[2017-01-21 18:27:52] EDIT app3/views/default/magazine.html: 0
[2017-01-21 18:28:17] EDIT app3/views/default/magazine.html: 0
[2017-01-21 18:31:57] EDIT app3/views/default/magazine.html: -1
[2017-01-21 18:32:52] EDIT app3/views/default/magazine.html: -18
[2017-01-21 18:34:16] DELETE app3/views/default/magazine.html.1: -4
[2017-03-15 08:25:42] EDIT app3/modules/app2_module.py: 1
[2017-05-29 04:48:49] EDIT app3/views/default/product.html: 20
[2017-05-29 04:51:44] EDIT app3/views/default/product.html: -6
[2017-05-29 04:52:06] EDIT app3/views/default/product.html: -14
[2017-09-08 16:27:38] EDIT app3/static/css/web2py-bootstrap3.css: 0
[2017-09-08 16:28:41] EDIT app3/static/css/web2py-bootstrap3.css: 0
[2017-09-08 16:29:11] EDIT app3/static/css/web2py-bootstrap3.css: 0
[2017-09-08 16:29:36] EDIT app3/static/css/web2py-bootstrap3.css: 0
[2017-09-08 16:30:03] EDIT app3/static/css/web2py-bootstrap3.css: 0
[2017-09-08 16:30:36] EDIT app3/static/css/web2py-bootstrap3.css: 0
[2018-01-17 14:31:33] EDIT vue_magazine/models/menu.py: 0
[2018-01-17 14:34:58] EDIT vue_magazine/static/js/main.js: 0
