[2017-01-28 06:42:01] START
[2017-01-28 06:43:18] CREATE db1.py: 0
[2017-01-28 06:49:20] EDIT app9/models/db1.py: 9
[2017-01-28 06:49:40] EDIT app9/models/db1.py: 0
[2017-01-28 06:53:29] EDIT app9/models/db1.py: 1
[2017-01-28 07:08:50] EDIT app9/controllers/default.py: -7
[2017-01-28 07:14:47] EDIT app9/models/menu.py: 0
[2017-01-28 07:15:06] EDIT app9/views/layout.html: 0
[2017-01-28 07:19:24] EDIT app9/views/default/index.html: -24
[2017-01-28 07:21:28] EDIT app9/views/default/index.html: 2
[2017-01-28 07:21:54] EDIT app9/views/default/index.html: 0
[2017-01-28 07:23:57] EDIT app9/controllers/default.py: 2
[2017-01-28 07:24:22] EDIT app9/controllers/default.py: 0
[2017-01-28 07:24:54] EDIT app9/controllers/default.py: 0
[2017-01-28 07:26:19] EDIT app9/models/db1.py: 0
[2017-01-28 07:28:12] EDIT app9/views/default/index.html: 0
[2017-01-28 07:28:48] EDIT app9/views/default/index.html: 0
[2017-01-28 07:29:42] EDIT app9/controllers/default.py: 0
[2017-01-28 07:29:59] EDIT app9/controllers/default.py: 0
[2017-01-28 07:30:08] EDIT app9/controllers/default.py: 0
[2017-01-28 07:30:29] EDIT app9/controllers/default.py: 0
[2017-01-28 07:31:39] EDIT app9/controllers/default.py: 0
[2017-01-28 07:31:53] EDIT app9/views/default/index.html: 0
[2017-01-28 07:34:05] EDIT app9/controllers/default.py: 0
[2017-01-28 07:49:35] EDIT app9/views/default/index.html: 5
[2017-01-28 07:51:06] EDIT app9/controllers/default.py: 17
[2017-01-28 07:51:46] EDIT app9/controllers/default.py: 0
[2017-01-28 07:53:08] EDIT app9/controllers/default.py: 0
[2017-01-28 08:03:12] EDIT app9/controllers/default.py: 2
[2017-01-28 08:03:53] EDIT app9/controllers/default.py: 0
[2017-01-28 08:05:07] EDIT app9/controllers/default.py: 0
[2017-01-28 08:05:35] EDIT app9/controllers/default.py: 0
[2017-01-28 14:15:01] EDIT app9/controllers/default.py: 0
[2017-01-28 14:16:11] EDIT app9/controllers/default.py: 0
[2017-01-28 14:16:56] EDIT app9/controllers/default.py: 0
[2017-01-28 14:17:25] EDIT app9/controllers/default.py: 0
[2017-01-28 14:18:42] EDIT app9/controllers/default.py: 0
[2017-01-28 14:43:32] EDIT app9/controllers/default.py: 0
[2017-01-28 14:43:40] EDIT app9/controllers/default.py: 0
[2017-01-28 14:43:51] EDIT app9/controllers/default.py: 0
[2017-01-28 14:44:00] EDIT app9/controllers/default.py: 0
[2017-01-28 14:44:17] EDIT app9/controllers/default.py: -7
[2017-01-28 14:46:45] EDIT app9/controllers/default.py: 7
[2017-01-28 14:48:00] EDIT app9/controllers/default.py: 0
[2017-01-28 14:48:53] EDIT app9/controllers/default.py: 4
[2017-01-28 14:51:07] EDIT app9/views/default/index.html: 5
[2017-01-28 14:51:35] EDIT app9/views/default/index.html: 1
[2017-01-28 14:52:46] EDIT app9/views/default/index.html: -3
[2017-01-28 14:53:17] EDIT app9/views/default/index.html: 0
[2017-01-28 14:54:00] EDIT app9/controllers/default.py: 0
[2017-01-28 14:55:51] EDIT app9/controllers/default.py: 0
[2017-01-28 14:57:05] EDIT app9/controllers/default.py: 0
[2017-01-28 14:57:19] EDIT app9/controllers/default.py: 0
[2017-01-28 14:57:56] EDIT app9/controllers/default.py: 0
[2017-01-28 14:58:48] EDIT app9/controllers/default.py: 0
[2017-01-28 14:59:49] EDIT app9/views/default/index.html: 0
[2017-01-28 15:00:12] CREATE default/filter.html.py: 0
[2017-01-28 15:00:24] DELETE app9/models/default/filter.html.py: 0
[2017-01-28 15:00:41] CREATE default/filter.html: 0
[2017-01-28 15:01:07] EDIT app9/views/default/filter.html: 32
[2017-01-28 15:02:30] EDIT app9/controllers/default.py: 1
[2017-01-28 15:02:45] EDIT app9/controllers/default.py: -1
[2017-01-28 15:02:51] EDIT app9/views/default/filter.html: 0
[2017-01-28 15:04:47] EDIT app9/controllers/default.py: 4
[2017-01-28 15:06:22] EDIT app9/views/default/index.html: 3
[2017-01-28 15:06:32] EDIT app9/views/default/index.html: 0
[2017-01-28 15:07:21] EDIT app9/views/default/filter.html: 3
[2017-01-28 15:08:31] EDIT app9/controllers/default.py: 0
[2017-01-28 15:11:44] EDIT app9/controllers/default.py: 8
[2017-01-28 15:18:44] EDIT app9/views/default/filter.html: 11
[2017-01-28 15:19:01] EDIT app9/views/default/index.html: 11
[2017-01-28 15:20:04] EDIT app9/views/default/index.html: 0
[2017-01-28 15:23:45] EDIT app9/views/default/filter.html: 0
[2017-01-28 15:23:57] EDIT app9/views/default/index.html: 0
[2017-01-28 15:26:26] EDIT app9/views/default/index.html: 0
[2017-01-28 15:27:13] EDIT app9/views/default/index.html: 0
[2017-01-28 15:27:22] EDIT app9/views/default/filter.html: 0
[2017-01-28 15:28:55] EDIT app9/views/default/index.html: 0
[2017-01-28 15:31:31] EDIT app9/views/default/filter.html: 0
[2017-01-28 15:31:42] EDIT app9/views/default/index.html: 0
[2017-01-28 15:32:23] EDIT app9/controllers/default.py: 4
[2017-01-28 15:32:37] EDIT app9/controllers/default.py: 0
[2017-01-28 15:34:09] EDIT app9/views/default/index.html: 3
[2017-01-28 15:35:16] EDIT app9/views/default/index.html: -1
[2017-01-28 15:36:40] EDIT app9/views/default/index.html: 0
[2017-01-28 15:37:30] EDIT app9/controllers/default.py: -20
[2017-01-28 15:38:00] EDIT app9/controllers/default.py: 0
[2017-01-28 15:38:46] EDIT app9/controllers/default.py: 0
[2017-01-28 15:39:21] EDIT app9/controllers/default.py: 0
[2017-01-28 15:39:35] EDIT app9/controllers/default.py: 0
[2017-01-28 15:43:14] EDIT app9/controllers/default.py: 0
[2017-01-28 15:43:43] EDIT app9/controllers/default.py: 0
[2017-01-28 15:44:55] EDIT app9/views/default/filter.html: 2
[2017-01-28 15:46:03] EDIT app9/views/default/filter.html: 1
[2017-01-28 15:46:36] EDIT app9/views/default/filter.html: 0
[2017-01-28 15:48:22] EDIT app9/controllers/default.py: 0
[2017-01-28 15:48:48] EDIT app9/controllers/default.py: 0
[2017-01-28 15:49:25] EDIT app9/controllers/default.py: 0
[2017-01-28 15:51:31] EDIT app9/views/default/filter.html: 0
[2017-01-28 15:55:10] EDIT app9/views/default/filter.html: 0
[2017-01-28 15:55:25] EDIT app9/views/default/filter.html: 0
[2017-01-28 15:56:05] EDIT app9/controllers/default.py: 0
[2017-01-28 15:57:11] EDIT app9/controllers/default.py: 0
[2017-01-28 15:57:36] EDIT app9/controllers/default.py: 0
[2017-01-28 15:57:51] EDIT app9/controllers/default.py: 0
[2017-01-28 15:58:11] EDIT app9/controllers/default.py: 0
[2017-01-28 15:59:34] EDIT app9/controllers/default.py: 0
[2017-01-28 16:00:05] EDIT app9/controllers/default.py: 0
[2017-01-28 16:00:25] EDIT app9/controllers/default.py: 0
[2017-01-28 16:00:51] EDIT app9/controllers/default.py: 0
[2017-01-28 16:02:25] EDIT app9/controllers/default.py: -4
[2017-01-28 16:02:34] EDIT app9/views/default/index.html: -2
[2017-01-28 16:02:44] EDIT app9/views/default/filter.html: -3
[2017-01-28 16:05:01] EDIT app9/models/db1.py: 0
[2017-01-28 16:06:40] EDIT app9/controllers/default.py: 4
[2017-01-28 16:09:19] EDIT app9/views/default/index.html: 4
[2017-01-28 16:10:20] EDIT app9/views/default/index.html: 0
[2017-01-28 16:27:24] EDIT app9/views/default/index.html: -4
[2017-01-28 17:05:33] EDIT app9/views/layout.html: 0
[2017-01-28 17:06:07] EDIT app9/views/layout.html: 0
[2017-01-28 17:06:49] EDIT app9/static/css/web2py-bootstrap3.css: 65
[2017-01-28 17:07:24] EDIT app9/views/layout.html: 0
[2017-01-28 17:10:38] EDIT app9/models/menu.py: -1
[2017-01-28 17:11:07] EDIT app9/views/layout.html: 0
[2017-01-28 17:11:37] EDIT app9/views/layout.html: -4
[2017-01-28 17:13:25] EDIT app9/models/menu.py: -1
[2017-01-28 17:15:01] EDIT app9/views/default/filter.html: -1
[2017-01-28 17:15:56] EDIT app9/views/default/filter.html: -2
[2017-01-28 17:17:06] EDIT app9/views/default/filter.html: 0
[2017-01-28 17:18:05] EDIT app9/views/layout.html: 0
[2017-01-28 19:07:33] EDIT app9/models/db.py: 3
[2017-01-28 19:07:51] EDIT app9/models/db.py: 0
[2017-01-28 19:09:00] EDIT app9/views/default/user.html: 22
[2017-01-28 19:22:56] EDIT app9/views/default/index.html: 7
[2017-01-28 19:25:03] EDIT app9/views/default/index.html: 0
[2017-01-28 19:25:16] EDIT app9/views/default/index.html: 0
[2017-01-28 19:25:29] EDIT app9/views/default/index.html: 0
[2017-01-28 19:25:39] EDIT app9/views/default/index.html: 0
[2017-01-28 19:25:53] EDIT app9/views/default/index.html: 0
[2017-01-28 19:28:41] EDIT app9/views/default/index.html: 0
[2017-01-28 19:31:17] EDIT app9/controllers/default.py: 9
[2017-01-28 19:31:35] EDIT app9/views/default/index.html: 0
[2017-01-28 19:32:09] EDIT app9/views/default/index.html: 0
[2017-01-28 19:34:03] EDIT app9/controllers/default.py: 0
[2017-01-28 19:34:27] EDIT app9/views/default/index.html: 0
[2017-01-28 19:35:11] EDIT app9/controllers/default.py: 0
[2017-01-28 19:35:21] EDIT app9/views/default/index.html: 0
[2017-01-28 19:39:42] EDIT app9/controllers/default.py: 0
[2017-01-28 19:39:53] EDIT app9/views/default/index.html: 1
[2017-01-28 19:43:52] EDIT app9/views/default/index.html: 0
[2017-01-28 19:45:09] EDIT app9/controllers/default.py: 0
[2017-01-28 19:45:46] EDIT app9/views/default/index.html: 0
[2017-01-28 19:46:07] EDIT app9/views/default/index.html: 0
[2017-01-28 19:48:07] EDIT app9/controllers/default.py: 0
[2017-01-28 19:49:31] EDIT app9/static/css/web2py-bootstrap3.css: 1
[2017-01-28 19:50:14] CREATE default/select.html: 0
[2017-01-28 19:50:20] EDIT app9/views/default/select.html: 54
[2017-01-28 19:50:34] EDIT app9/views/default/filter.html: 11
[2017-01-28 19:50:51] EDIT app9/views/default/select.html: 0
[2017-01-28 19:52:54] EDIT app9/views/default/select.html: 0
[2017-01-28 19:53:06] EDIT app9/views/default/filter.html: 0
[2017-01-28 19:53:22] EDIT app9/views/default/index.html: 0
[2017-01-28 19:53:56] EDIT app9/views/default/index.html: 0
[2017-01-28 19:54:59] EDIT app9/views/default/filter.html: 0
[2017-01-28 19:57:14] CREATE default/product.html: 0
[2017-01-28 19:57:44] EDIT app9/views/default/product.html: 53
[2017-01-28 19:58:55] EDIT app9/views/default/product.html: 0
[2017-01-28 19:59:04] EDIT app9/views/default/filter.html: 0
[2017-01-28 19:59:45] EDIT app9/views/default/select.html: 0
[2017-01-28 20:00:20] EDIT app9/views/default/index.html: 0
[2017-01-28 20:00:47] EDIT app9/views/default/product.html: 0
[2017-01-28 20:00:56] EDIT app9/views/default/select.html: 0
[2017-01-28 20:01:06] EDIT app9/views/default/select.html: 0
[2017-01-28 20:01:43] EDIT app9/views/default/select.html: 0
[2017-01-28 20:02:12] EDIT app9/views/default/product.html: 0
[2017-01-28 20:02:21] EDIT app9/views/default/select.html: 0
[2017-01-28 20:02:49] EDIT app9/views/default/filter.html: 0
[2017-01-28 20:03:17] EDIT app9/views/default/index.html: 0
[2017-01-28 20:04:21] EDIT app9/views/default/index.html: 10
[2017-01-28 20:04:28] EDIT app9/views/default/index.html: 0
[2017-01-28 20:04:36] EDIT app9/views/default/index.html: -9
[2017-01-28 20:05:07] EDIT app9/views/default/index.html: 0
[2017-01-28 20:05:46] EDIT app9/views/default/index.html: 0
[2017-01-28 20:06:05] EDIT app9/views/default/index.html: 0
[2017-01-28 20:06:51] EDIT app9/views/default/index.html: -2
[2017-01-28 20:07:45] EDIT app9/views/default/index.html: 2
[2017-01-28 20:08:44] EDIT app9/views/default/index.html: 0
[2017-01-28 20:09:54] EDIT app9/views/default/filter.html: 1
[2017-01-28 20:10:09] EDIT app9/views/default/select.html: 1
[2017-01-28 20:10:38] EDIT app9/views/default/product.html: 2
[2017-01-28 20:13:09] EDIT app9/views/default/index.html: 0
[2017-01-28 20:13:29] EDIT app9/views/default/index.html: 0
[2017-01-29 04:31:49] EDIT app9/views/default/index.html: 0
[2017-01-29 04:32:04] EDIT app9/views/default/index.html: 0
[2017-01-29 04:34:59] EDIT app9/views/layout.html: 1
[2017-01-29 04:38:25] EDIT app9/views/layout.html: 0
[2017-01-29 04:39:54] EDIT app9/static/css/bootstrap.min.css: 0
[2017-01-29 05:05:41] EDIT app9/static/css/bootstrap.min.css: 0
[2017-01-29 05:05:56] EDIT app9/static/js/web2py-bootstrap3.js: -1
[2017-01-29 05:07:18] EDIT app9/views/default/index.html: 2
[2017-01-29 05:07:42] EDIT app9/views/default/index.html: 0
[2017-01-29 05:07:59] EDIT app9/views/default/index.html: 0
[2017-01-29 05:08:08] EDIT app9/views/default/index.html: 0
[2017-01-29 05:08:23] EDIT app9/views/default/index.html: 0
[2017-01-29 05:08:36] EDIT app9/views/default/index.html: 0
[2017-01-29 05:08:44] EDIT app9/views/default/index.html: 0
[2017-01-29 05:09:38] EDIT app9/views/default/index.html: 0
[2017-01-29 05:09:58] EDIT app9/views/default/index.html: 0
[2017-01-29 05:10:06] EDIT app9/views/default/index.html: 0
[2017-01-29 05:10:15] EDIT app9/views/default/index.html: 0
[2017-01-29 05:10:36] EDIT app9/views/default/index.html: 0
[2017-01-29 05:10:50] EDIT app9/views/default/index.html: 0
[2017-01-29 05:12:07] EDIT app9/views/default/index.html: 0
[2017-01-29 05:12:34] EDIT app9/views/default/filter.html: 0
[2017-01-29 05:12:58] EDIT app9/views/default/filter.html: 2
[2017-01-29 05:15:39] EDIT app9/views/default/select.html: 2
[2017-01-29 05:16:05] EDIT app9/views/default/product.html: 2
[2017-01-29 05:16:58] EDIT app9/views/default/index.html: 19
[2017-01-29 05:18:38] EDIT app9/views/layout.html: 0
[2017-01-29 05:19:45] EDIT app9/views/default/index.html: 0
[2017-01-29 05:20:03] EDIT app9/views/default/index.html: 0
[2017-01-29 05:20:34] EDIT app9/views/default/index.html: 0
[2017-01-29 05:22:24] EDIT app9/views/default/filter.html: 19
[2017-01-29 05:22:56] EDIT app9/views/default/select.html: 19
[2017-01-29 05:23:32] EDIT app9/views/default/product.html: 19
[2017-01-29 05:23:46] EDIT app9/views/default/select.html: 0
[2017-01-29 05:24:31] EDIT app9/views/default/select.html: -1
[2017-01-29 05:24:54] EDIT app9/views/default/select.html: -1
[2017-01-29 05:25:01] EDIT app9/views/default/select.html: 1
[2017-01-29 05:25:09] EDIT app9/views/default/index.html: -1
[2017-01-29 05:25:35] EDIT app9/views/default/filter.html: -1
[2017-01-29 05:25:43] EDIT app9/views/default/select.html: 0
[2017-01-29 05:25:51] EDIT app9/views/default/product.html: -1
[2017-01-29 05:26:05] EDIT app9/views/default/product.html: -1
[2017-01-29 05:28:11] EDIT app9/controllers/default.py: 2
[2017-01-29 05:29:01] EDIT app9/controllers/default.py: 0
[2017-01-29 05:29:30] EDIT app9/views/default/filter.html: 1
[2017-01-29 05:30:05] EDIT app9/controllers/default.py: 0
[2017-01-29 05:32:37] EDIT app9/views/default/filter.html: 4
[2017-01-29 05:33:33] EDIT app9/controllers/default.py: -2
[2017-01-29 05:34:12] EDIT app9/views/default/filter.html: 0
[2017-01-29 05:35:24] EDIT app9/views/default/filter.html: 0
[2017-01-29 05:36:28] EDIT app9/views/default/filter.html: 0
[2017-01-29 05:52:08] EDIT app9/views/default/index.html: 14
[2017-01-29 05:52:47] EDIT app9/views/default/index.html: 51
[2017-01-29 05:53:21] EDIT app9/views/default/index.html: 10
[2017-01-29 05:54:04] EDIT app9/views/default/index.html: 0
[2017-01-29 05:54:45] EDIT app9/views/default/index.html: 0
[2017-01-29 05:55:21] EDIT app9/views/default/index.html: 0
[2017-01-29 05:56:05] EDIT app9/views/default/index.html: 0
[2017-01-29 05:56:11] EDIT app9/views/default/index.html: 0
[2017-01-29 05:56:47] EDIT app9/views/default/index.html: 0
[2017-01-29 05:57:30] EDIT app9/views/default/index.html: 0
[2017-01-29 05:57:44] EDIT app9/views/default/index.html: 0
[2017-01-29 05:58:50] EDIT app9/views/default/index.html: 0
[2017-01-29 06:00:05] EDIT app9/views/default/index.html: 0
[2017-01-29 06:01:03] EDIT app9/views/default/index.html: -2
[2017-01-29 06:03:39] EDIT app9/views/default/index.html: 3
[2017-01-29 06:04:41] EDIT app9/views/default/index.html: 0
[2017-01-29 06:05:28] EDIT app9/views/default/index.html: -10
[2017-01-29 06:06:31] EDIT app9/views/default/index.html: -3
[2017-01-29 06:09:59] EDIT app9/views/default/index.html: -55
[2017-01-29 06:19:05] EDIT app9/views/default/index.html: 5
[2017-01-29 06:19:24] EDIT app9/views/default/index.html: 10
[2017-01-29 06:22:22] EDIT app9/views/default/index.html: 2
[2017-01-29 06:24:02] EDIT app9/views/default/index.html: -17
[2017-01-29 06:31:42] EDIT app9/views/default/index.html: 0
[2017-01-29 06:32:08] EDIT app9/views/default/index.html: 0
[2017-01-29 06:33:13] EDIT app9/views/default/index.html: 0
[2017-01-29 06:44:21] EDIT app9/views/default/index.html: 0
[2017-01-29 06:44:57] EDIT app9/views/default/index.html: 0
[2017-01-29 06:45:42] EDIT app9/views/default/index.html: 0
[2017-01-29 06:46:03] EDIT app9/views/default/index.html: 0
[2017-01-29 06:47:37] EDIT app9/views/default/index.html: 31
[2017-01-29 06:48:39] EDIT app9/views/default/index.html: 22
[2017-01-29 06:49:42] EDIT app9/views/default/index.html: 5
[2017-01-29 06:50:14] EDIT app9/views/default/index.html: 0
[2017-01-29 06:51:02] EDIT app9/views/default/index.html: 0
[2017-01-29 06:51:46] EDIT app9/views/default/index.html: 0
[2017-01-29 06:51:58] EDIT app9/views/default/index.html: 0
[2017-01-29 06:52:16] EDIT app9/views/default/index.html: 0
[2017-01-29 06:52:43] EDIT app9/views/default/index.html: 0
[2017-01-29 06:53:17] EDIT app9/views/default/index.html: 0
[2017-01-29 06:53:39] EDIT app9/views/default/index.html: 0
[2017-01-29 06:54:17] EDIT app9/views/default/index.html: 0
[2017-01-29 06:54:52] EDIT app9/views/default/index.html: 1
[2017-01-29 06:55:07] EDIT app9/views/default/index.html: 0
[2017-01-29 06:55:28] EDIT app9/views/default/index.html: 0
[2017-01-29 06:56:02] EDIT app9/views/default/index.html: 0
[2017-01-29 06:56:24] EDIT app9/views/default/index.html: 0
[2017-01-29 06:58:47] EDIT app9/views/default/index.html: 0
[2017-01-29 06:59:22] EDIT app9/views/default/index.html: 0
[2017-01-29 06:59:47] EDIT app9/views/default/index.html: -1
[2017-01-29 07:00:12] EDIT app9/views/default/index.html: 0
[2017-01-29 07:01:04] EDIT app9/views/default/index.html: 0
[2017-01-29 07:01:29] EDIT app9/views/default/index.html: 1
[2017-01-29 07:01:50] EDIT app9/views/default/index.html: 0
[2017-01-29 07:04:50] EDIT app9/views/default/index.html: 3
[2017-01-29 07:05:01] EDIT app9/views/default/index.html: -1
[2017-01-29 07:05:12] EDIT app9/views/default/index.html: -2
[2017-01-29 07:07:32] EDIT app9/views/default/index.html: 3
[2017-01-29 07:08:41] EDIT app9/views/default/index.html: -11
[2017-01-29 07:09:18] EDIT app9/views/default/index.html: -3
[2017-01-29 07:10:03] EDIT app9/views/default/index.html: 3
[2017-01-29 07:10:55] EDIT app9/views/default/index.html: -1
[2017-01-29 07:13:11] EDIT app9/views/default/index.html: 4
[2017-01-29 07:13:30] EDIT app9/views/default/index.html: 0
[2017-01-29 07:14:35] EDIT app9/views/default/index.html: -2
[2017-01-29 07:15:40] EDIT app9/views/default/index.html: 0
[2017-01-29 07:15:55] EDIT app9/views/default/index.html: 0
[2017-01-29 07:17:14] EDIT app9/views/default/index.html: 2
[2017-01-29 07:18:35] EDIT app9/views/default/index.html: 6
[2017-01-29 07:19:58] EDIT app9/views/default/index.html: 0
[2017-01-29 07:20:18] EDIT app9/views/default/index.html: 0
[2017-01-29 07:20:49] EDIT app9/views/default/index.html: 0
[2017-01-29 07:21:09] EDIT app9/views/default/index.html: 0
[2017-01-29 07:22:03] EDIT app9/views/default/index.html: 0
[2017-01-29 07:22:23] EDIT app9/views/default/index.html: 0
[2017-01-29 07:22:35] EDIT app9/views/default/index.html: 0
[2017-01-29 07:23:36] EDIT app9/views/default/index.html: 0
[2017-01-29 07:24:14] EDIT app9/views/default/index.html: 0
[2017-01-29 07:24:37] EDIT app9/views/default/index.html: 0
[2017-01-29 07:24:48] EDIT app9/views/default/index.html: 0
[2017-01-29 07:25:02] EDIT app9/views/default/index.html: 0
[2017-01-29 07:25:33] EDIT app9/views/default/index.html: 0
[2017-01-29 07:26:08] EDIT app9/views/default/index.html: 0
[2017-01-29 07:27:06] EDIT app9/views/default/index.html: 0
[2017-01-29 07:27:44] EDIT app9/views/default/index.html: 0
[2017-01-29 07:28:31] EDIT app9/views/default/index.html: 3
[2017-01-29 07:29:32] EDIT app9/views/default/index.html: -1
[2017-01-29 07:30:05] EDIT app9/views/default/index.html: 0
[2017-01-29 07:30:24] EDIT app9/views/default/index.html: -5
[2017-01-29 07:32:32] EDIT app9/views/default/index.html: 0
[2017-01-29 07:33:34] EDIT app9/views/default/index.html: 2
[2017-01-29 07:33:59] EDIT app9/views/default/index.html: 3
[2017-01-29 07:34:16] EDIT app9/views/default/index.html: 0
[2017-01-29 07:34:34] EDIT app9/views/default/index.html: 0
[2017-01-29 07:34:56] EDIT app9/views/default/index.html: 0
[2017-01-29 07:35:40] EDIT app9/views/default/index.html: 0
[2017-01-29 07:36:00] EDIT app9/views/default/index.html: 0
[2017-01-29 07:36:49] EDIT app9/views/default/index.html: 3
[2017-01-29 07:38:29] EDIT app9/views/default/index.html: 3
[2017-01-29 07:38:59] EDIT app9/views/default/index.html: -3
[2017-01-29 07:39:54] EDIT app9/controllers/default.py: 1
[2017-01-29 07:44:13] EDIT app9/views/default/index.html: 0
[2017-01-29 07:44:53] EDIT app9/views/default/index.html: 0
[2017-01-29 07:45:17] EDIT app9/views/default/index.html: 0
[2017-01-29 07:45:55] EDIT app9/views/default/index.html: -20
[2017-01-29 07:48:02] EDIT app9/views/default/index.html: 5
[2017-01-29 07:48:40] EDIT app9/views/default/index.html: 5
[2017-01-29 07:48:58] EDIT app9/views/default/index.html: 0
[2017-01-29 07:49:11] EDIT app9/views/default/index.html: 0
[2017-01-29 07:49:28] EDIT app9/views/default/index.html: 0
[2017-01-29 07:49:54] EDIT app9/views/default/index.html: 0
[2017-01-29 07:50:35] EDIT app9/views/default/index.html: 0
[2017-01-29 07:53:26] EDIT app9/views/default/index.html: -5
[2017-01-29 07:55:56] EDIT app9/views/default/index.html: 4
[2017-01-29 07:56:15] EDIT app9/views/default/index.html: 0
[2017-01-29 07:57:42] EDIT app9/views/default/filter.html: 57
[2017-01-29 07:57:59] EDIT app9/views/default/select.html: 62
[2017-01-29 08:09:19] EDIT app9/views/default/product.html: 62
[2017-01-29 08:11:52] EDIT app9/views/default/index.html: 5
[2017-01-29 08:12:23] EDIT app9/views/default/index.html: -5
[2017-01-29 08:12:32] EDIT app9/views/default/filter.html: 5
[2017-01-29 08:12:55] EDIT app9/views/default/filter.html: 0
[2017-01-29 08:13:05] EDIT app9/views/default/filter.html: 0
[2017-01-29 08:17:24] EDIT app9/views/default/index.html: 3
[2017-01-29 08:18:08] EDIT app9/views/default/index.html: 0
[2017-01-29 08:20:18] EDIT app9/views/default/index.html: 0
[2017-01-29 08:20:59] EDIT app9/views/default/index.html: 0
[2017-01-29 08:21:21] EDIT app9/views/default/index.html: 0
[2017-01-29 08:22:49] EDIT app9/views/default/index.html: 0
[2017-01-29 08:23:09] EDIT app9/views/default/index.html: 0
[2017-01-29 07:30:24] EDIT app1/models/menu.py: 0
[2017-01-29 07:30:39] EDIT app1/models/menu.py: 0
[2017-01-29 07:51:15] EDIT app1/static/css/bootstrap.min.css: 0
[2017-01-29 07:53:45] EDIT app1/views/default/index.html: 0
[2017-01-29 07:54:21] EDIT app1/views/default/index.html: 0
[2017-01-29 07:54:54] EDIT app1/views/default/index.html: 0
[2017-01-29 07:56:58] EDIT app1/views/default/index.html: -1
[2017-01-29 07:57:48] EDIT app1/views/default/index.html: 0
[2017-01-29 07:58:13] EDIT app1/views/default/index.html: 1
[2017-01-29 07:59:22] EDIT app1/views/default/index.html: 0
[2017-01-29 08:00:37] EDIT app1/views/default/index.html: 0
[2017-01-29 08:01:00] EDIT app1/views/default/index.html: 0
[2017-01-29 08:01:48] EDIT app1/views/default/index.html: 0
[2017-01-29 08:02:07] EDIT app1/views/default/index.html: 0
[2017-01-29 08:11:52] EDIT app1/views/default/index.html: -3
[2017-01-29 08:12:52] EDIT app1/views/default/index.html: -2
[2017-01-29 08:13:45] EDIT app1/views/default/index.html: 0
[2017-01-29 08:14:03] EDIT app1/views/default/index.html: -2
[2017-01-29 08:16:39] EDIT app1/views/default/index.html: 2
[2017-01-29 17:24:26] EDIT app1/controllers/default.py: 2
[2017-01-29 17:25:22] EDIT app1/views/default/filter.html: 10
[2017-01-29 17:26:36] EDIT app1/views/default/index.html: 10
[2017-01-29 17:28:28] EDIT app1/views/default/select.html: 5
[2017-01-29 17:29:59] EDIT app1/views/default/product.html: 4
[2017-01-29 17:31:54] EDIT app1/views/default/index.html: 0
[2017-01-29 17:33:15] EDIT app1/views/default/index.html: 0
[2017-01-29 17:33:30] EDIT app1/views/default/index.html: -3
[2017-01-29 17:36:21] EDIT app1/views/default/index.html: 0
[2017-01-29 17:41:20] EDIT app1/views/default/index.html: 3
[2017-01-29 17:43:18] EDIT app1/views/default/index.html: 11
[2017-01-29 17:44:00] EDIT app1/views/default/index.html: -11
[2017-01-30 05:39:15] EDIT app1/views/default/index.html: -15
[2017-01-30 05:41:27] EDIT app1/views/default/filter.html: -15
[2017-01-30 05:43:18] EDIT app1/views/default/product.html: -14
[2017-01-30 05:45:21] EDIT app1/views/default/select.html: -12
[2017-01-30 08:43:51] EDIT app1/static/css/web2py-bootstrap3.css: 21
[2017-01-30 08:44:02] EDIT app1/views/default/index.html: -23
[2017-01-30 08:48:57] EDIT app1/views/default/filter.html: -23
[2017-01-30 08:49:07] EDIT app1/views/default/select.html: -23
[2017-01-30 08:49:30] EDIT app1/views/default/product.html: -23
[2017-01-30 10:29:26] EDIT app1/controllers/default.py: 0
[2017-01-30 10:29:49] EDIT app1/controllers/default.py: 0
[2017-01-30 10:30:12] EDIT app1/controllers/default.py: 0
[2017-01-30 10:41:12] EDIT app1/controllers/default.py: 0
[2017-01-30 11:57:48] EDIT app1/controllers/default.py: -1
[2017-01-30 11:58:11] EDIT app1/controllers/default.py: 1
[2017-01-31 09:23:29] EDIT app1/views/default/index.html: 1
[2017-01-31 09:24:28] EDIT app1/views/default/index.html: -1
[2017-01-31 09:25:27] EDIT app1/views/default/index.html: 0
[2017-01-31 09:25:56] EDIT app1/views/default/index.html: 0
[2017-01-31 09:26:23] EDIT app1/views/default/index.html: 0
[2017-01-31 09:27:00] EDIT app1/views/default/index.html: 0
[2017-01-31 09:27:50] EDIT app1/views/default/index.html: 0
[2017-01-31 09:28:20] EDIT app1/views/default/index.html: 0
[2017-01-31 09:28:47] EDIT app1/views/default/index.html: 0
[2017-01-31 09:29:14] EDIT app1/views/default/index.html: 0
[2017-01-31 12:43:27] EDIT app1/controllers/default.py: 10
[2017-01-31 12:44:18] EDIT app1/views/default/index.html: 0
[2017-01-31 12:45:29] EDIT app1/views/default/index.html: 0
[2017-01-31 12:47:42] EDIT app1/controllers/default.py: 0
[2017-01-31 12:48:22] EDIT app1/controllers/default.py: -10
[2017-01-31 12:48:49] EDIT app1/views/default/index.html: 0
[2017-01-31 12:49:33] EDIT app1/controllers/default.py: 0
[2017-01-31 12:50:20] EDIT app1/controllers/default.py: 0
[2017-01-31 12:51:15] EDIT app1/views/default/index.html: 0
[2017-01-31 12:51:40] EDIT app1/views/default/index.html: 0
[2017-01-31 12:52:25] EDIT app1/views/default/index.html: 0
[2017-01-31 12:52:47] EDIT app1/views/default/index.html: 0
[2017-01-31 12:53:11] EDIT app1/views/default/index.html: 0
[2017-01-31 12:53:27] EDIT app1/views/default/index.html: 0
[2017-01-31 12:54:11] EDIT app1/controllers/default.py: 0
[2017-01-31 12:54:29] EDIT app1/controllers/default.py: 0
[2017-01-31 12:55:20] EDIT app1/views/default/index.html: 0
[2017-01-31 12:56:01] EDIT app1/views/default/index.html: 0
[2017-01-31 12:56:25] EDIT app1/views/default/index.html: 0
[2017-01-31 12:56:41] EDIT app1/controllers/default.py: 0
[2017-01-31 12:57:10] EDIT app1/views/default/index.html: 0
[2017-01-31 12:58:36] EDIT app1/views/default/index.html: 0
[2017-01-31 12:59:02] EDIT app1/controllers/default.py: 0
[2017-01-31 12:59:36] EDIT app1/controllers/default.py: 0
[2017-01-31 13:03:46] EDIT app1/controllers/default.py: 4
[2017-01-31 13:04:25] EDIT app1/views/default/index.html: 0
[2017-01-31 13:05:00] EDIT app1/controllers/default.py: 0
[2017-01-31 13:06:21] EDIT app1/controllers/default.py: 0
[2017-01-31 13:07:06] EDIT app1/controllers/default.py: 0
[2017-01-31 13:07:35] EDIT app1/controllers/default.py: -4
[2017-01-31 13:08:06] EDIT app1/views/default/index.html: 0
[2017-02-01 12:08:57] EDIT app1/controllers/default.py: 11
[2017-02-01 12:09:42] EDIT app1/views/default/filter.html: 0
[2017-02-01 12:09:58] EDIT app1/views/default/filter.html: 0
[2017-02-01 12:10:26] EDIT app1/views/default/index.html: 0
[2017-02-01 12:10:35] EDIT app1/views/default/index.html: 0
[2017-02-01 12:10:52] EDIT app1/views/default/product.html: 0
[2017-02-01 12:11:01] EDIT app1/views/default/product.html: 0
[2017-02-01 12:11:36] DELETE app1/views/default/select.html: -110
[2017-02-01 12:19:36] EDIT app1/controllers/default.py: 12
[2017-02-01 14:08:00] EDIT app1/controllers/default.py: -12
[2017-02-01 14:08:12] EDIT app1/controllers/default.py: 0
[2017-02-01 14:09:23] EDIT app1/controllers/default.py: 12
[2017-02-01 14:10:59] EDIT app1/views/default/index.html: 0
[2017-02-01 14:12:30] EDIT app1/views/default/index.html: 0
[2017-02-01 14:13:21] EDIT app1/views/default/index.html: 0
[2017-02-01 14:14:56] EDIT app1/controllers/default.py: 0
[2017-02-01 14:33:02] EDIT app1/views/default/index.html: 0
[2017-02-01 14:34:12] EDIT app1/controllers/default.py: -12
[2017-02-01 14:40:45] EDIT app1/controllers/default.py: 9
[2017-02-01 14:41:09] CREATE default/select.html: 0
[2017-02-01 14:41:54] EDIT app1/views/default/select.html: 109
[2017-02-01 14:42:53] EDIT app1/views/default/index.html: 0
[2017-02-01 14:48:22] EDIT app1/views/default/product.html: -19
[2017-02-01 14:48:46] EDIT app1/views/default/product.html: -4
[2017-02-01 14:51:05] EDIT app1/views/default/select.html: 0
[2017-02-01 14:51:30] EDIT app1/views/default/select.html: 0
[2017-02-01 14:57:04] EDIT app1/views/default/select.html: -2
[2017-02-01 14:58:16] EDIT app1/views/default/select.html: 0
[2017-02-01 15:01:31] DELETE app1/views/default/select.html.1: -110
[2017-02-01 16:01:30] EDIT app1/controllers/default.py: 2
[2017-02-01 16:02:15] EDIT app1/controllers/default.py: 0
[2017-02-01 16:06:34] EDIT app1/controllers/default.py: 0
[2017-02-01 16:17:33] EDIT app1/controllers/default.py: 0
[2017-02-01 16:18:07] EDIT app1/controllers/default.py: -2
[2017-02-01 16:21:46] EDIT app1/views/default/filter.html: 2
[2017-02-01 16:22:15] EDIT app1/views/default/filter.html: 2
[2017-02-01 16:40:01] EDIT app1/views/default/product.html: 1
[2017-02-01 16:42:57] EDIT app1/views/default/product.html: 0
[2017-02-01 16:44:04] EDIT app1/views/default/product.html: 0
[2017-02-01 16:45:41] EDIT app1/views/default/product.html: -36
[2017-02-01 16:47:43] EDIT app1/views/default/product.html: -32
[2017-02-01 16:49:12] EDIT app1/views/default/product.html: 0
[2017-02-01 16:49:25] EDIT app1/views/default/product.html: 0
[2017-02-01 16:51:06] DELETE app1/views/default/product.html.1: -16
[2017-02-01 16:53:33] EDIT app1/views/default/filter.html: 0
[2017-02-01 16:54:51] EDIT app1/views/default/filter.html: 0
[2017-02-01 16:55:27] EDIT app1/views/default/filter.html: 1
[2017-02-01 16:55:54] EDIT app1/views/default/filter.html: -1
[2017-02-02 04:50:54] CREATE app1_module.py: 0
[2017-02-02 04:51:48] EDIT app1/modules/app1_module.py: 11
[2017-02-02 04:52:16] EDIT app1/modules/app1_module.py: 0
[2017-02-02 04:52:37] DELETE app1/models/db1.py: -10
[2017-02-02 04:53:33] EDIT app1/models/db.py: 2
[2017-02-02 04:55:57] EDIT app1/views/default/index.html: -109
[2017-02-02 04:57:55] EDIT app1/views/default/index.html: 91
[2017-02-02 04:59:05] EDIT app1/views/layout.html: -123
[2017-02-02 05:00:23] EDIT app1/views/layout.html: 58
[2017-02-02 05:04:00] EDIT app1/views/layout.html: 64
[2017-02-02 05:04:18] EDIT app1/views/layout.html: 0
[2017-02-02 05:05:26] EDIT app1/views/layout.html: 2
[2017-02-02 05:08:28] EDIT app1/views/layout.html: 0
[2017-02-02 08:05:56] EDIT app1/views/layout.html: 0
[2017-02-02 08:06:34] EDIT app1/views/default/index.html: 0
[2017-02-02 08:06:56] EDIT app1/views/default/index.html: 0
[2017-02-02 08:08:29] EDIT app1/views/default/index.html: 0
[2017-02-02 08:08:59] EDIT app1/views/default/select.html: 0
[2017-02-02 08:09:19] EDIT app1/views/default/select.html: 0
[2017-02-02 08:11:26] EDIT app1/views/default/filter.html: 0
[2017-02-03 14:43:43] EDIT app1/controllers/default.py: 0
[2017-02-03 14:45:56] EDIT app1/views/default/index.html: 0
[2017-02-03 14:46:09] EDIT app1/controllers/default.py: 2
[2017-02-03 14:47:04] EDIT app1/views/default/filter.html: 0
[2017-02-03 14:47:15] EDIT app1/views/default/index.html: 0
[2017-02-03 14:47:39] EDIT app1/views/default/select.html: 0
[2017-02-03 14:47:58] EDIT app1/views/default/select.html: 0
[2017-02-03 14:55:39] EDIT app1/controllers/default.py: -2
[2017-02-03 14:56:14] EDIT app1/views/default/filter.html: 0
[2017-02-03 14:56:59] EDIT app1/views/default/index.html: 0
[2017-02-03 14:57:39] EDIT app1/views/default/select.html: 0
[2017-02-03 14:57:49] DELETE app1/views/default/select.html.1: -110
[2017-02-18 06:13:32] EDIT app1/modules/app1_module.py: 0
[2017-03-14 13:34:04] EDIT app1/modules/app1_module.py: 4
[2017-03-14 13:34:50] EDIT app1/controllers/default.py: 14
[2017-03-14 13:35:27] CREATE upload.html: 0
[2017-03-14 13:35:34] EDIT app1/views/upload.html: 31
[2017-03-14 13:36:14] EDIT app1/views/layout.html: 1
[2017-03-14 13:36:40] EDIT app1/views/layout.html: 1
[2017-03-14 13:36:57] CREATE default/upload.html: 0
[2017-03-14 13:37:08] EDIT app1/views/default/upload.html: 31
[2017-03-14 13:37:26] DELETE app1/views/upload.html: -34
[2017-03-14 13:38:17] EDIT app1/models/menu.py: 1
[2017-03-14 13:38:56] EDIT app1/controllers/default.py: 0
[2017-03-14 13:42:36] EDIT app1/views/default/upload.html: 0
[2017-03-14 13:43:24] EDIT app1/views/default/upload.html: 0
[2017-03-14 13:45:09] EDIT app1/views/layout.html: 0
[2017-03-14 13:46:16] EDIT app1/views/layout.html: 0
[2017-03-14 13:46:49] EDIT app1/views/default/upload.html: 0
[2017-03-14 13:47:59] EDIT app1/views/default/upload.html: 0
[2017-03-14 13:48:25] EDIT app1/views/default/upload.html: 0
[2017-03-14 13:49:11] EDIT app1/views/default/upload.html: 0
[2017-03-14 13:49:26] EDIT app1/views/default/upload.html: 0
[2017-03-14 13:49:44] EDIT app1/views/default/upload.html: 0
[2017-03-14 13:50:14] EDIT app1/views/default/upload.html: -6
[2017-03-15 08:20:06] EDIT app1/models/menu.py: 0
[2017-03-15 08:21:24] EDIT app1/controllers/default.py: 0
[2017-03-15 08:22:26] EDIT app1/controllers/default.py: 0
[2017-03-15 08:22:46] EDIT app1/controllers/default.py: 0
[2018-01-17 14:29:01] EDIT filter_search/models/menu.py: 0
[2018-01-17 14:29:55] EDIT filter_search/models/menu.py: 0
